<?xml version="1.0" encoding="UTF-8"?>
<testsuite xmlns:xsi="http://www.w3.org/2001/XMLSchema-instance" xsi:noNamespaceSchemaLocation="https://maven.apache.org/surefire/maven-surefire-plugin/xsd/surefire-test-report.xsd" name="com.zupacademy.luizpedro.microserviceproposta.MicroservicePropostaApplicationTests" time="11.43" tests="1" errors="1" skipped="0" failures="0">
  <properties>
    <property name="sun.desktop" value="windows"/>
    <property name="awt.toolkit" value="sun.awt.windows.WToolkit"/>
    <property name="java.specification.version" value="11"/>
    <property name="sun.cpu.isalist" value="amd64"/>
    <property name="sun.jnu.encoding" value="Cp1252"/>
    <property name="java.class.path" value="C:\Users\luiz.souza\Documents\Programa Orange Talents\desafios-ot7\orange-talents-07-template-proposta\target\test-classes;C:\Users\luiz.souza\Documents\Programa Orange Talents\desafios-ot7\orange-talents-07-template-proposta\target\classes;C:\Users\luiz.souza\.m2\repository\org\springframework\boot\spring-boot-starter-data-jpa\2.5.3\spring-boot-starter-data-jpa-2.5.3.jar;C:\Users\luiz.souza\.m2\repository\org\springframework\boot\spring-boot-starter-aop\2.5.3\spring-boot-starter-aop-2.5.3.jar;C:\Users\luiz.souza\.m2\repository\org\springframework\spring-aop\5.3.9\spring-aop-5.3.9.jar;C:\Users\luiz.souza\.m2\repository\org\aspectj\aspectjweaver\1.9.7\aspectjweaver-1.9.7.jar;C:\Users\luiz.souza\.m2\repository\org\springframework\boot\spring-boot-starter-jdbc\2.5.3\spring-boot-starter-jdbc-2.5.3.jar;C:\Users\luiz.souza\.m2\repository\com\zaxxer\HikariCP\4.0.3\HikariCP-4.0.3.jar;C:\Users\luiz.souza\.m2\repository\org\springframework\spring-jdbc\5.3.9\spring-jdbc-5.3.9.jar;C:\Users\luiz.souza\.m2\repository\jakarta\transaction\jakarta.transaction-api\1.3.3\jakarta.transaction-api-1.3.3.jar;C:\Users\luiz.souza\.m2\repository\jakarta\persistence\jakarta.persistence-api\2.2.3\jakarta.persistence-api-2.2.3.jar;C:\Users\luiz.souza\.m2\repository\org\hibernate\hibernate-core\5.4.32.Final\hibernate-core-5.4.32.Final.jar;C:\Users\luiz.souza\.m2\repository\org\jboss\logging\jboss-logging\3.4.2.Final\jboss-logging-3.4.2.Final.jar;C:\Users\luiz.souza\.m2\repository\org\javassist\javassist\3.27.0-GA\javassist-3.27.0-GA.jar;C:\Users\luiz.souza\.m2\repository\net\bytebuddy\byte-buddy\1.10.22\byte-buddy-1.10.22.jar;C:\Users\luiz.souza\.m2\repository\antlr\antlr\2.7.7\antlr-2.7.7.jar;C:\Users\luiz.souza\.m2\repository\org\jboss\jandex\2.2.3.Final\jandex-2.2.3.Final.jar;C:\Users\luiz.souza\.m2\repository\com\fasterxml\classmate\1.5.1\classmate-1.5.1.jar;C:\Users\luiz.souza\.m2\repository\org\dom4j\dom4j\2.1.3\dom4j-2.1.3.jar;C:\Users\luiz.souza\.m2\repository\org\hibernate\common\hibernate-commons-annotations\5.1.2.Final\hibernate-commons-annotations-5.1.2.Final.jar;C:\Users\luiz.souza\.m2\repository\org\glassfish\jaxb\jaxb-runtime\2.3.4\jaxb-runtime-2.3.4.jar;C:\Users\luiz.souza\.m2\repository\org\glassfish\jaxb\txw2\2.3.4\txw2-2.3.4.jar;C:\Users\luiz.souza\.m2\repository\com\sun\istack\istack-commons-runtime\3.0.12\istack-commons-runtime-3.0.12.jar;C:\Users\luiz.souza\.m2\repository\com\sun\activation\jakarta.activation\1.2.2\jakarta.activation-1.2.2.jar;C:\Users\luiz.souza\.m2\repository\org\springframework\data\spring-data-jpa\2.5.3\spring-data-jpa-2.5.3.jar;C:\Users\luiz.souza\.m2\repository\org\springframework\data\spring-data-commons\2.5.3\spring-data-commons-2.5.3.jar;C:\Users\luiz.souza\.m2\repository\org\springframework\spring-orm\5.3.9\spring-orm-5.3.9.jar;C:\Users\luiz.souza\.m2\repository\org\springframework\spring-context\5.3.9\spring-context-5.3.9.jar;C:\Users\luiz.souza\.m2\repository\org\springframework\spring-tx\5.3.9\spring-tx-5.3.9.jar;C:\Users\luiz.souza\.m2\repository\org\springframework\spring-beans\5.3.9\spring-beans-5.3.9.jar;C:\Users\luiz.souza\.m2\repository\org\slf4j\slf4j-api\1.7.32\slf4j-api-1.7.32.jar;C:\Users\luiz.souza\.m2\repository\org\springframework\spring-aspects\5.3.9\spring-aspects-5.3.9.jar;C:\Users\luiz.souza\.m2\repository\org\springframework\boot\spring-boot-starter-web\2.5.3\spring-boot-starter-web-2.5.3.jar;C:\Users\luiz.souza\.m2\repository\org\springframework\boot\spring-boot-starter\2.5.3\spring-boot-starter-2.5.3.jar;C:\Users\luiz.souza\.m2\repository\org\springframework\boot\spring-boot\2.5.3\spring-boot-2.5.3.jar;C:\Users\luiz.souza\.m2\repository\org\springframework\boot\spring-boot-autoconfigure\2.5.3\spring-boot-autoconfigure-2.5.3.jar;C:\Users\luiz.souza\.m2\repository\org\springframework\boot\spring-boot-starter-logging\2.5.3\spring-boot-starter-logging-2.5.3.jar;C:\Users\luiz.souza\.m2\repository\ch\qos\logback\logback-classic\1.2.4\logback-classic-1.2.4.jar;C:\Users\luiz.souza\.m2\repository\ch\qos\logback\logback-core\1.2.4\logback-core-1.2.4.jar;C:\Users\luiz.souza\.m2\repository\org\apache\logging\log4j\log4j-to-slf4j\2.14.1\log4j-to-slf4j-2.14.1.jar;C:\Users\luiz.souza\.m2\repository\org\apache\logging\log4j\log4j-api\2.14.1\log4j-api-2.14.1.jar;C:\Users\luiz.souza\.m2\repository\org\slf4j\jul-to-slf4j\1.7.32\jul-to-slf4j-1.7.32.jar;C:\Users\luiz.souza\.m2\repository\jakarta\annotation\jakarta.annotation-api\1.3.5\jakarta.annotation-api-1.3.5.jar;C:\Users\luiz.souza\.m2\repository\org\yaml\snakeyaml\1.28\snakeyaml-1.28.jar;C:\Users\luiz.souza\.m2\repository\org\springframework\boot\spring-boot-starter-json\2.5.3\spring-boot-starter-json-2.5.3.jar;C:\Users\luiz.souza\.m2\repository\com\fasterxml\jackson\core\jackson-databind\2.12.4\jackson-databind-2.12.4.jar;C:\Users\luiz.souza\.m2\repository\com\fasterxml\jackson\core\jackson-annotations\2.12.4\jackson-annotations-2.12.4.jar;C:\Users\luiz.souza\.m2\repository\com\fasterxml\jackson\core\jackson-core\2.12.4\jackson-core-2.12.4.jar;C:\Users\luiz.souza\.m2\repository\com\fasterxml\jackson\datatype\jackson-datatype-jdk8\2.12.4\jackson-datatype-jdk8-2.12.4.jar;C:\Users\luiz.souza\.m2\repository\com\fasterxml\jackson\datatype\jackson-datatype-jsr310\2.12.4\jackson-datatype-jsr310-2.12.4.jar;C:\Users\luiz.souza\.m2\repository\com\fasterxml\jackson\module\jackson-module-parameter-names\2.12.4\jackson-module-parameter-names-2.12.4.jar;C:\Users\luiz.souza\.m2\repository\org\springframework\boot\spring-boot-starter-tomcat\2.5.3\spring-boot-starter-tomcat-2.5.3.jar;C:\Users\luiz.souza\.m2\repository\org\apache\tomcat\embed\tomcat-embed-core\9.0.50\tomcat-embed-core-9.0.50.jar;C:\Users\luiz.souza\.m2\repository\org\apache\tomcat\embed\tomcat-embed-websocket\9.0.50\tomcat-embed-websocket-9.0.50.jar;C:\Users\luiz.souza\.m2\repository\org\springframework\spring-web\5.3.9\spring-web-5.3.9.jar;C:\Users\luiz.souza\.m2\repository\org\springframework\spring-webmvc\5.3.9\spring-webmvc-5.3.9.jar;C:\Users\luiz.souza\.m2\repository\org\springframework\spring-expression\5.3.9\spring-expression-5.3.9.jar;C:\Users\luiz.souza\.m2\repository\org\springframework\boot\spring-boot-starter-test\2.5.3\spring-boot-starter-test-2.5.3.jar;C:\Users\luiz.souza\.m2\repository\org\springframework\boot\spring-boot-test\2.5.3\spring-boot-test-2.5.3.jar;C:\Users\luiz.souza\.m2\repository\org\springframework\boot\spring-boot-test-autoconfigure\2.5.3\spring-boot-test-autoconfigure-2.5.3.jar;C:\Users\luiz.souza\.m2\repository\com\jayway\jsonpath\json-path\2.5.0\json-path-2.5.0.jar;C:\Users\luiz.souza\.m2\repository\net\minidev\json-smart\2.4.7\json-smart-2.4.7.jar;C:\Users\luiz.souza\.m2\repository\net\minidev\accessors-smart\2.4.7\accessors-smart-2.4.7.jar;C:\Users\luiz.souza\.m2\repository\org\ow2\asm\asm\9.1\asm-9.1.jar;C:\Users\luiz.souza\.m2\repository\jakarta\xml\bind\jakarta.xml.bind-api\2.3.3\jakarta.xml.bind-api-2.3.3.jar;C:\Users\luiz.souza\.m2\repository\jakarta\activation\jakarta.activation-api\1.2.2\jakarta.activation-api-1.2.2.jar;C:\Users\luiz.souza\.m2\repository\org\assertj\assertj-core\3.19.0\assertj-core-3.19.0.jar;C:\Users\luiz.souza\.m2\repository\org\hamcrest\hamcrest\2.2\hamcrest-2.2.jar;C:\Users\luiz.souza\.m2\repository\org\junit\jupiter\junit-jupiter\5.7.2\junit-jupiter-5.7.2.jar;C:\Users\luiz.souza\.m2\repository\org\junit\jupiter\junit-jupiter-api\5.7.2\junit-jupiter-api-5.7.2.jar;C:\Users\luiz.souza\.m2\repository\org\apiguardian\apiguardian-api\1.1.0\apiguardian-api-1.1.0.jar;C:\Users\luiz.souza\.m2\repository\org\opentest4j\opentest4j\1.2.0\opentest4j-1.2.0.jar;C:\Users\luiz.souza\.m2\repository\org\junit\platform\junit-platform-commons\1.7.2\junit-platform-commons-1.7.2.jar;C:\Users\luiz.souza\.m2\repository\org\junit\jupiter\junit-jupiter-params\5.7.2\junit-jupiter-params-5.7.2.jar;C:\Users\luiz.souza\.m2\repository\org\junit\jupiter\junit-jupiter-engine\5.7.2\junit-jupiter-engine-5.7.2.jar;C:\Users\luiz.souza\.m2\repository\org\junit\platform\junit-platform-engine\1.7.2\junit-platform-engine-1.7.2.jar;C:\Users\luiz.souza\.m2\repository\org\mockito\mockito-core\3.9.0\mockito-core-3.9.0.jar;C:\Users\luiz.souza\.m2\repository\net\bytebuddy\byte-buddy-agent\1.10.22\byte-buddy-agent-1.10.22.jar;C:\Users\luiz.souza\.m2\repository\org\objenesis\objenesis\3.2\objenesis-3.2.jar;C:\Users\luiz.souza\.m2\repository\org\mockito\mockito-junit-jupiter\3.9.0\mockito-junit-jupiter-3.9.0.jar;C:\Users\luiz.souza\.m2\repository\org\skyscreamer\jsonassert\1.5.0\jsonassert-1.5.0.jar;C:\Users\luiz.souza\.m2\repository\com\vaadin\external\google\android-json\0.0.20131108.vaadin1\android-json-0.0.20131108.vaadin1.jar;C:\Users\luiz.souza\.m2\repository\org\springframework\spring-core\5.3.9\spring-core-5.3.9.jar;C:\Users\luiz.souza\.m2\repository\org\springframework\spring-jcl\5.3.9\spring-jcl-5.3.9.jar;C:\Users\luiz.souza\.m2\repository\org\springframework\spring-test\5.3.9\spring-test-5.3.9.jar;C:\Users\luiz.souza\.m2\repository\org\xmlunit\xmlunit-core\2.8.2\xmlunit-core-2.8.2.jar;C:\Users\luiz.souza\.m2\repository\org\springframework\boot\spring-boot-starter-validation\2.5.3\spring-boot-starter-validation-2.5.3.jar;C:\Users\luiz.souza\.m2\repository\org\apache\tomcat\embed\tomcat-embed-el\9.0.50\tomcat-embed-el-9.0.50.jar;C:\Users\luiz.souza\.m2\repository\org\hibernate\validator\hibernate-validator\6.2.0.Final\hibernate-validator-6.2.0.Final.jar;C:\Users\luiz.souza\.m2\repository\jakarta\validation\jakarta.validation-api\2.0.2\jakarta.validation-api-2.0.2.jar;C:\Users\luiz.souza\.m2\repository\org\springframework\boot\spring-boot-starter-actuator\2.5.3\spring-boot-starter-actuator-2.5.3.jar;C:\Users\luiz.souza\.m2\repository\org\springframework\boot\spring-boot-actuator-autoconfigure\2.5.3\spring-boot-actuator-autoconfigure-2.5.3.jar;C:\Users\luiz.souza\.m2\repository\org\springframework\boot\spring-boot-actuator\2.5.3\spring-boot-actuator-2.5.3.jar;C:\Users\luiz.souza\.m2\repository\io\micrometer\micrometer-core\1.7.2\micrometer-core-1.7.2.jar;C:\Users\luiz.souza\.m2\repository\org\hdrhistogram\HdrHistogram\2.1.12\HdrHistogram-2.1.12.jar;C:\Users\luiz.souza\.m2\repository\org\latencyutils\LatencyUtils\2.0.3\LatencyUtils-2.0.3.jar;C:\Users\luiz.souza\.m2\repository\io\micrometer\micrometer-registry-prometheus\1.7.2\micrometer-registry-prometheus-1.7.2.jar;C:\Users\luiz.souza\.m2\repository\io\prometheus\simpleclient_common\0.10.0\simpleclient_common-0.10.0.jar;C:\Users\luiz.souza\.m2\repository\io\prometheus\simpleclient\0.10.0\simpleclient-0.10.0.jar;C:\Users\luiz.souza\.m2\repository\io\opentracing\contrib\opentracing-spring-jaeger-cloud-starter\3.2.2\opentracing-spring-jaeger-cloud-starter-3.2.2.jar;C:\Users\luiz.souza\.m2\repository\io\opentracing\contrib\opentracing-spring-jaeger-starter\3.2.2\opentracing-spring-jaeger-starter-3.2.2.jar;C:\Users\luiz.souza\.m2\repository\io\opentracing\contrib\opentracing-spring-tracer-configuration-starter\0.4.0\opentracing-spring-tracer-configuration-starter-0.4.0.jar;C:\Users\luiz.souza\.m2\repository\io\opentracing\opentracing-noop\0.33.0\opentracing-noop-0.33.0.jar;C:\Users\luiz.souza\.m2\repository\io\opentracing\opentracing-util\0.33.0\opentracing-util-0.33.0.jar;C:\Users\luiz.souza\.m2\repository\io\opentracing\contrib\opentracing-tracerresolver\0.1.8\opentracing-tracerresolver-0.1.8.jar;C:\Users\luiz.souza\.m2\repository\io\opentracing\opentracing-api\0.33.0\opentracing-api-0.33.0.jar;C:\Users\luiz.souza\.m2\repository\io\jaegertracing\jaeger-client\1.1.0\jaeger-client-1.1.0.jar;C:\Users\luiz.souza\.m2\repository\io\jaegertracing\jaeger-thrift\1.1.0\jaeger-thrift-1.1.0.jar;C:\Users\luiz.souza\.m2\repository\org\apache\thrift\libthrift\0.13.0\libthrift-0.13.0.jar;C:\Users\luiz.souza\.m2\repository\javax\annotation\javax.annotation-api\1.3.2\javax.annotation-api-1.3.2.jar;C:\Users\luiz.souza\.m2\repository\com\squareup\okhttp3\okhttp\3.14.9\okhttp-3.14.9.jar;C:\Users\luiz.souza\.m2\repository\com\squareup\okio\okio\1.17.2\okio-1.17.2.jar;C:\Users\luiz.souza\.m2\repository\io\jaegertracing\jaeger-core\1.1.0\jaeger-core-1.1.0.jar;C:\Users\luiz.souza\.m2\repository\com\google\code\gson\gson\2.8.7\gson-2.8.7.jar;C:\Users\luiz.souza\.m2\repository\io\jaegertracing\jaeger-tracerresolver\1.1.0\jaeger-tracerresolver-1.1.0.jar;C:\Users\luiz.souza\.m2\repository\io\opentracing\contrib\opentracing-spring-cloud-starter\0.5.3\opentracing-spring-cloud-starter-0.5.3.jar;C:\Users\luiz.souza\.m2\repository\io\opentracing\contrib\opentracing-spring-cloud-core\0.5.3\opentracing-spring-cloud-core-0.5.3.jar;C:\Users\luiz.souza\.m2\repository\io\opentracing\contrib\opentracing-concurrent\0.4.0\opentracing-concurrent-0.4.0.jar;C:\Users\luiz.souza\.m2\repository\io\opentracing\contrib\opentracing-spring-web-starter\3.0.1\opentracing-spring-web-starter-3.0.1.jar;C:\Users\luiz.souza\.m2\repository\io\opentracing\contrib\opentracing-spring-web\3.0.1\opentracing-spring-web-3.0.1.jar;C:\Users\luiz.souza\.m2\repository\io\opentracing\contrib\opentracing-web-servlet-filter\0.4.0\opentracing-web-servlet-filter-0.4.0.jar;C:\Users\luiz.souza\.m2\repository\io\opentracing\contrib\opentracing-spring-messaging-starter\1.0.0\opentracing-spring-messaging-starter-1.0.0.jar;C:\Users\luiz.souza\.m2\repository\io\opentracing\contrib\opentracing-spring-messaging\1.0.0\opentracing-spring-messaging-1.0.0.jar;C:\Users\luiz.souza\.m2\repository\io\opentracing\contrib\opentracing-spring-rabbitmq-starter\3.0.0\opentracing-spring-rabbitmq-starter-3.0.0.jar;C:\Users\luiz.souza\.m2\repository\io\opentracing\contrib\opentracing-spring-rabbitmq\3.0.0\opentracing-spring-rabbitmq-3.0.0.jar;C:\Users\luiz.souza\.m2\repository\io\opentracing\contrib\opentracing-spring-cloud-jdbc-starter\0.5.3\opentracing-spring-cloud-jdbc-starter-0.5.3.jar;C:\Users\luiz.souza\.m2\repository\io\opentracing\contrib\opentracing-jdbc\0.2.8\opentracing-jdbc-0.2.8.jar;C:\Users\luiz.souza\.m2\repository\io\opentracing\contrib\common\0.1.4\common-0.1.4.jar;C:\Users\luiz.souza\.m2\repository\io\opentracing\contrib\opentracing-spring-cloud-jms-starter\0.5.3\opentracing-spring-cloud-jms-starter-0.5.3.jar;C:\Users\luiz.souza\.m2\repository\io\opentracing\contrib\opentracing-jms-spring\0.1.7\opentracing-jms-spring-0.1.7.jar;C:\Users\luiz.souza\.m2\repository\io\opentracing\contrib\opentracing-jms-2\0.1.7\opentracing-jms-2-0.1.7.jar;C:\Users\luiz.souza\.m2\repository\io\opentracing\contrib\opentracing-jms-common\0.1.7\opentracing-jms-common-0.1.7.jar;C:\Users\luiz.souza\.m2\repository\io\opentracing\contrib\opentracing-spring-cloud-kafka-starter\0.5.3\opentracing-spring-cloud-kafka-starter-0.5.3.jar;C:\Users\luiz.souza\.m2\repository\io\opentracing\contrib\opentracing-kafka-spring\0.1.12\opentracing-kafka-spring-0.1.12.jar;C:\Users\luiz.souza\.m2\repository\io\opentracing\contrib\opentracing-kafka-client\0.1.12\opentracing-kafka-client-0.1.12.jar;C:\Users\luiz.souza\.m2\repository\io\opentracing\contrib\opentracing-spring-cloud-feign-starter\0.5.3\opentracing-spring-cloud-feign-starter-0.5.3.jar;C:\Users\luiz.souza\.m2\repository\io\github\openfeign\opentracing\feign-opentracing\0.4.0\feign-opentracing-0.4.0.jar;C:\Users\luiz.souza\.m2\repository\io\github\openfeign\opentracing\feign-hystrix-opentracing\0.4.0\feign-hystrix-opentracing-0.4.0.jar;C:\Users\luiz.souza\.m2\repository\io\opentracing\contrib\opentracing-spring-cloud-hystrix-starter\0.5.3\opentracing-spring-cloud-hystrix-starter-0.5.3.jar;C:\Users\luiz.souza\.m2\repository\io\opentracing\contrib\opentracing-spring-cloud-reactor-starter\0.5.3\opentracing-spring-cloud-reactor-starter-0.5.3.jar;C:\Users\luiz.souza\.m2\repository\io\opentracing\contrib\opentracing-reactor\0.1.2\opentracing-reactor-0.1.2.jar;C:\Users\luiz.souza\.m2\repository\io\opentracing\contrib\opentracing-spring-cloud-rxjava-starter\0.5.3\opentracing-spring-cloud-rxjava-starter-0.5.3.jar;C:\Users\luiz.souza\.m2\repository\io\opentracing\contrib\opentracing-rxjava-1\0.1.3\opentracing-rxjava-1-0.1.3.jar;C:\Users\luiz.souza\.m2\repository\io\opentracing\contrib\opentracing-spring-cloud-redis-starter\0.5.3\opentracing-spring-cloud-redis-starter-0.5.3.jar;C:\Users\luiz.souza\.m2\repository\io\opentracing\contrib\opentracing-redis-spring-data2\0.1.14\opentracing-redis-spring-data2-0.1.14.jar;C:\Users\luiz.souza\.m2\repository\io\opentracing\contrib\opentracing-redis-common\0.1.14\opentracing-redis-common-0.1.14.jar;C:\Users\luiz.souza\.m2\repository\io\opentracing\contrib\opentracing-spring-cloud-mongo-starter\0.5.3\opentracing-spring-cloud-mongo-starter-0.5.3.jar;C:\Users\luiz.souza\.m2\repository\io\opentracing\contrib\opentracing-mongo-driver\0.1.5\opentracing-mongo-driver-0.1.5.jar;C:\Users\luiz.souza\.m2\repository\io\opentracing\contrib\opentracing-mongo-common\0.1.5\opentracing-mongo-common-0.1.5.jar;C:\Users\luiz.souza\.m2\repository\io\opentracing\contrib\opentracing-spring-cloud-websocket-starter\0.5.3\opentracing-spring-cloud-websocket-starter-0.5.3.jar;C:\Users\luiz.souza\.m2\repository\io\opentracing\contrib\opentracing-spring-cloud-zuul-starter\0.5.3\opentracing-spring-cloud-zuul-starter-0.5.3.jar;C:\Users\luiz.souza\.m2\repository\io\opentracing\contrib\opentracing-spring-cloud-gateway-starter\0.5.3\opentracing-spring-cloud-gateway-starter-0.5.3.jar;C:\Users\luiz.souza\.m2\repository\mysql\mysql-connector-java\8.0.26\mysql-connector-java-8.0.26.jar;C:\Users\luiz.souza\.m2\repository\org\springframework\cloud\spring-cloud-starter-openfeign\3.0.3\spring-cloud-starter-openfeign-3.0.3.jar;C:\Users\luiz.souza\.m2\repository\org\springframework\cloud\spring-cloud-starter\3.0.3\spring-cloud-starter-3.0.3.jar;C:\Users\luiz.souza\.m2\repository\org\springframework\cloud\spring-cloud-context\3.0.3\spring-cloud-context-3.0.3.jar;C:\Users\luiz.souza\.m2\repository\org\springframework\security\spring-security-rsa\1.0.10.RELEASE\spring-security-rsa-1.0.10.RELEASE.jar;C:\Users\luiz.souza\.m2\repository\org\bouncycastle\bcpkix-jdk15on\1.68\bcpkix-jdk15on-1.68.jar;C:\Users\luiz.souza\.m2\repository\org\bouncycastle\bcprov-jdk15on\1.68\bcprov-jdk15on-1.68.jar;C:\Users\luiz.souza\.m2\repository\org\springframework\cloud\spring-cloud-openfeign-core\3.0.3\spring-cloud-openfeign-core-3.0.3.jar;C:\Users\luiz.souza\.m2\repository\io\github\openfeign\form\feign-form-spring\3.8.0\feign-form-spring-3.8.0.jar;C:\Users\luiz.souza\.m2\repository\io\github\openfeign\form\feign-form\3.8.0\feign-form-3.8.0.jar;C:\Users\luiz.souza\.m2\repository\commons-fileupload\commons-fileupload\1.4\commons-fileupload-1.4.jar;C:\Users\luiz.souza\.m2\repository\commons-io\commons-io\2.2\commons-io-2.2.jar;C:\Users\luiz.souza\.m2\repository\org\springframework\cloud\spring-cloud-commons\3.0.3\spring-cloud-commons-3.0.3.jar;C:\Users\luiz.souza\.m2\repository\org\springframework\security\spring-security-crypto\5.5.1\spring-security-crypto-5.5.1.jar;C:\Users\luiz.souza\.m2\repository\io\github\openfeign\feign-core\10.12\feign-core-10.12.jar;C:\Users\luiz.souza\.m2\repository\io\github\openfeign\feign-slf4j\10.12\feign-slf4j-10.12.jar;"/>
    <property name="java.vm.vendor" value="Oracle Corporation"/>
    <property name="sun.arch.data.model" value="64"/>
    <property name="user.variant" value=""/>
    <property name="java.vendor.url" value="https://openjdk.java.net/"/>
    <property name="user.timezone" value="America/Sao_Paulo"/>
    <property name="java.vm.specification.version" value="11"/>
    <property name="os.name" value="Windows 10"/>
    <property name="sun.java.launcher" value="SUN_STANDARD"/>
    <property name="user.country" value="BR"/>
    <property name="sun.boot.library.path" value="C:\Program Files\Java\jdk-11.0.11\bin"/>
    <property name="sun.java.command" value="C:\Users\LUIZ~1.SOU\AppData\Local\Temp\surefire5344604728138137988\surefirebooter15681028395540493019.jar C:\Users\luiz.souza\AppData\Local\Temp\surefire5344604728138137988 2021-08-23T17-16-42_637-jvmRun1 surefire2241033924794249415tmp surefire_05424626170388234700tmp"/>
    <property name="jdk.debug" value="release"/>
    <property name="surefire.test.class.path" value="C:\Users\luiz.souza\Documents\Programa Orange Talents\desafios-ot7\orange-talents-07-template-proposta\target\test-classes;C:\Users\luiz.souza\Documents\Programa Orange Talents\desafios-ot7\orange-talents-07-template-proposta\target\classes;C:\Users\luiz.souza\.m2\repository\org\springframework\boot\spring-boot-starter-data-jpa\2.5.3\spring-boot-starter-data-jpa-2.5.3.jar;C:\Users\luiz.souza\.m2\repository\org\springframework\boot\spring-boot-starter-aop\2.5.3\spring-boot-starter-aop-2.5.3.jar;C:\Users\luiz.souza\.m2\repository\org\springframework\spring-aop\5.3.9\spring-aop-5.3.9.jar;C:\Users\luiz.souza\.m2\repository\org\aspectj\aspectjweaver\1.9.7\aspectjweaver-1.9.7.jar;C:\Users\luiz.souza\.m2\repository\org\springframework\boot\spring-boot-starter-jdbc\2.5.3\spring-boot-starter-jdbc-2.5.3.jar;C:\Users\luiz.souza\.m2\repository\com\zaxxer\HikariCP\4.0.3\HikariCP-4.0.3.jar;C:\Users\luiz.souza\.m2\repository\org\springframework\spring-jdbc\5.3.9\spring-jdbc-5.3.9.jar;C:\Users\luiz.souza\.m2\repository\jakarta\transaction\jakarta.transaction-api\1.3.3\jakarta.transaction-api-1.3.3.jar;C:\Users\luiz.souza\.m2\repository\jakarta\persistence\jakarta.persistence-api\2.2.3\jakarta.persistence-api-2.2.3.jar;C:\Users\luiz.souza\.m2\repository\org\hibernate\hibernate-core\5.4.32.Final\hibernate-core-5.4.32.Final.jar;C:\Users\luiz.souza\.m2\repository\org\jboss\logging\jboss-logging\3.4.2.Final\jboss-logging-3.4.2.Final.jar;C:\Users\luiz.souza\.m2\repository\org\javassist\javassist\3.27.0-GA\javassist-3.27.0-GA.jar;C:\Users\luiz.souza\.m2\repository\net\bytebuddy\byte-buddy\1.10.22\byte-buddy-1.10.22.jar;C:\Users\luiz.souza\.m2\repository\antlr\antlr\2.7.7\antlr-2.7.7.jar;C:\Users\luiz.souza\.m2\repository\org\jboss\jandex\2.2.3.Final\jandex-2.2.3.Final.jar;C:\Users\luiz.souza\.m2\repository\com\fasterxml\classmate\1.5.1\classmate-1.5.1.jar;C:\Users\luiz.souza\.m2\repository\org\dom4j\dom4j\2.1.3\dom4j-2.1.3.jar;C:\Users\luiz.souza\.m2\repository\org\hibernate\common\hibernate-commons-annotations\5.1.2.Final\hibernate-commons-annotations-5.1.2.Final.jar;C:\Users\luiz.souza\.m2\repository\org\glassfish\jaxb\jaxb-runtime\2.3.4\jaxb-runtime-2.3.4.jar;C:\Users\luiz.souza\.m2\repository\org\glassfish\jaxb\txw2\2.3.4\txw2-2.3.4.jar;C:\Users\luiz.souza\.m2\repository\com\sun\istack\istack-commons-runtime\3.0.12\istack-commons-runtime-3.0.12.jar;C:\Users\luiz.souza\.m2\repository\com\sun\activation\jakarta.activation\1.2.2\jakarta.activation-1.2.2.jar;C:\Users\luiz.souza\.m2\repository\org\springframework\data\spring-data-jpa\2.5.3\spring-data-jpa-2.5.3.jar;C:\Users\luiz.souza\.m2\repository\org\springframework\data\spring-data-commons\2.5.3\spring-data-commons-2.5.3.jar;C:\Users\luiz.souza\.m2\repository\org\springframework\spring-orm\5.3.9\spring-orm-5.3.9.jar;C:\Users\luiz.souza\.m2\repository\org\springframework\spring-context\5.3.9\spring-context-5.3.9.jar;C:\Users\luiz.souza\.m2\repository\org\springframework\spring-tx\5.3.9\spring-tx-5.3.9.jar;C:\Users\luiz.souza\.m2\repository\org\springframework\spring-beans\5.3.9\spring-beans-5.3.9.jar;C:\Users\luiz.souza\.m2\repository\org\slf4j\slf4j-api\1.7.32\slf4j-api-1.7.32.jar;C:\Users\luiz.souza\.m2\repository\org\springframework\spring-aspects\5.3.9\spring-aspects-5.3.9.jar;C:\Users\luiz.souza\.m2\repository\org\springframework\boot\spring-boot-starter-web\2.5.3\spring-boot-starter-web-2.5.3.jar;C:\Users\luiz.souza\.m2\repository\org\springframework\boot\spring-boot-starter\2.5.3\spring-boot-starter-2.5.3.jar;C:\Users\luiz.souza\.m2\repository\org\springframework\boot\spring-boot\2.5.3\spring-boot-2.5.3.jar;C:\Users\luiz.souza\.m2\repository\org\springframework\boot\spring-boot-autoconfigure\2.5.3\spring-boot-autoconfigure-2.5.3.jar;C:\Users\luiz.souza\.m2\repository\org\springframework\boot\spring-boot-starter-logging\2.5.3\spring-boot-starter-logging-2.5.3.jar;C:\Users\luiz.souza\.m2\repository\ch\qos\logback\logback-classic\1.2.4\logback-classic-1.2.4.jar;C:\Users\luiz.souza\.m2\repository\ch\qos\logback\logback-core\1.2.4\logback-core-1.2.4.jar;C:\Users\luiz.souza\.m2\repository\org\apache\logging\log4j\log4j-to-slf4j\2.14.1\log4j-to-slf4j-2.14.1.jar;C:\Users\luiz.souza\.m2\repository\org\apache\logging\log4j\log4j-api\2.14.1\log4j-api-2.14.1.jar;C:\Users\luiz.souza\.m2\repository\org\slf4j\jul-to-slf4j\1.7.32\jul-to-slf4j-1.7.32.jar;C:\Users\luiz.souza\.m2\repository\jakarta\annotation\jakarta.annotation-api\1.3.5\jakarta.annotation-api-1.3.5.jar;C:\Users\luiz.souza\.m2\repository\org\yaml\snakeyaml\1.28\snakeyaml-1.28.jar;C:\Users\luiz.souza\.m2\repository\org\springframework\boot\spring-boot-starter-json\2.5.3\spring-boot-starter-json-2.5.3.jar;C:\Users\luiz.souza\.m2\repository\com\fasterxml\jackson\core\jackson-databind\2.12.4\jackson-databind-2.12.4.jar;C:\Users\luiz.souza\.m2\repository\com\fasterxml\jackson\core\jackson-annotations\2.12.4\jackson-annotations-2.12.4.jar;C:\Users\luiz.souza\.m2\repository\com\fasterxml\jackson\core\jackson-core\2.12.4\jackson-core-2.12.4.jar;C:\Users\luiz.souza\.m2\repository\com\fasterxml\jackson\datatype\jackson-datatype-jdk8\2.12.4\jackson-datatype-jdk8-2.12.4.jar;C:\Users\luiz.souza\.m2\repository\com\fasterxml\jackson\datatype\jackson-datatype-jsr310\2.12.4\jackson-datatype-jsr310-2.12.4.jar;C:\Users\luiz.souza\.m2\repository\com\fasterxml\jackson\module\jackson-module-parameter-names\2.12.4\jackson-module-parameter-names-2.12.4.jar;C:\Users\luiz.souza\.m2\repository\org\springframework\boot\spring-boot-starter-tomcat\2.5.3\spring-boot-starter-tomcat-2.5.3.jar;C:\Users\luiz.souza\.m2\repository\org\apache\tomcat\embed\tomcat-embed-core\9.0.50\tomcat-embed-core-9.0.50.jar;C:\Users\luiz.souza\.m2\repository\org\apache\tomcat\embed\tomcat-embed-websocket\9.0.50\tomcat-embed-websocket-9.0.50.jar;C:\Users\luiz.souza\.m2\repository\org\springframework\spring-web\5.3.9\spring-web-5.3.9.jar;C:\Users\luiz.souza\.m2\repository\org\springframework\spring-webmvc\5.3.9\spring-webmvc-5.3.9.jar;C:\Users\luiz.souza\.m2\repository\org\springframework\spring-expression\5.3.9\spring-expression-5.3.9.jar;C:\Users\luiz.souza\.m2\repository\org\springframework\boot\spring-boot-starter-test\2.5.3\spring-boot-starter-test-2.5.3.jar;C:\Users\luiz.souza\.m2\repository\org\springframework\boot\spring-boot-test\2.5.3\spring-boot-test-2.5.3.jar;C:\Users\luiz.souza\.m2\repository\org\springframework\boot\spring-boot-test-autoconfigure\2.5.3\spring-boot-test-autoconfigure-2.5.3.jar;C:\Users\luiz.souza\.m2\repository\com\jayway\jsonpath\json-path\2.5.0\json-path-2.5.0.jar;C:\Users\luiz.souza\.m2\repository\net\minidev\json-smart\2.4.7\json-smart-2.4.7.jar;C:\Users\luiz.souza\.m2\repository\net\minidev\accessors-smart\2.4.7\accessors-smart-2.4.7.jar;C:\Users\luiz.souza\.m2\repository\org\ow2\asm\asm\9.1\asm-9.1.jar;C:\Users\luiz.souza\.m2\repository\jakarta\xml\bind\jakarta.xml.bind-api\2.3.3\jakarta.xml.bind-api-2.3.3.jar;C:\Users\luiz.souza\.m2\repository\jakarta\activation\jakarta.activation-api\1.2.2\jakarta.activation-api-1.2.2.jar;C:\Users\luiz.souza\.m2\repository\org\assertj\assertj-core\3.19.0\assertj-core-3.19.0.jar;C:\Users\luiz.souza\.m2\repository\org\hamcrest\hamcrest\2.2\hamcrest-2.2.jar;C:\Users\luiz.souza\.m2\repository\org\junit\jupiter\junit-jupiter\5.7.2\junit-jupiter-5.7.2.jar;C:\Users\luiz.souza\.m2\repository\org\junit\jupiter\junit-jupiter-api\5.7.2\junit-jupiter-api-5.7.2.jar;C:\Users\luiz.souza\.m2\repository\org\apiguardian\apiguardian-api\1.1.0\apiguardian-api-1.1.0.jar;C:\Users\luiz.souza\.m2\repository\org\opentest4j\opentest4j\1.2.0\opentest4j-1.2.0.jar;C:\Users\luiz.souza\.m2\repository\org\junit\platform\junit-platform-commons\1.7.2\junit-platform-commons-1.7.2.jar;C:\Users\luiz.souza\.m2\repository\org\junit\jupiter\junit-jupiter-params\5.7.2\junit-jupiter-params-5.7.2.jar;C:\Users\luiz.souza\.m2\repository\org\junit\jupiter\junit-jupiter-engine\5.7.2\junit-jupiter-engine-5.7.2.jar;C:\Users\luiz.souza\.m2\repository\org\junit\platform\junit-platform-engine\1.7.2\junit-platform-engine-1.7.2.jar;C:\Users\luiz.souza\.m2\repository\org\mockito\mockito-core\3.9.0\mockito-core-3.9.0.jar;C:\Users\luiz.souza\.m2\repository\net\bytebuddy\byte-buddy-agent\1.10.22\byte-buddy-agent-1.10.22.jar;C:\Users\luiz.souza\.m2\repository\org\objenesis\objenesis\3.2\objenesis-3.2.jar;C:\Users\luiz.souza\.m2\repository\org\mockito\mockito-junit-jupiter\3.9.0\mockito-junit-jupiter-3.9.0.jar;C:\Users\luiz.souza\.m2\repository\org\skyscreamer\jsonassert\1.5.0\jsonassert-1.5.0.jar;C:\Users\luiz.souza\.m2\repository\com\vaadin\external\google\android-json\0.0.20131108.vaadin1\android-json-0.0.20131108.vaadin1.jar;C:\Users\luiz.souza\.m2\repository\org\springframework\spring-core\5.3.9\spring-core-5.3.9.jar;C:\Users\luiz.souza\.m2\repository\org\springframework\spring-jcl\5.3.9\spring-jcl-5.3.9.jar;C:\Users\luiz.souza\.m2\repository\org\springframework\spring-test\5.3.9\spring-test-5.3.9.jar;C:\Users\luiz.souza\.m2\repository\org\xmlunit\xmlunit-core\2.8.2\xmlunit-core-2.8.2.jar;C:\Users\luiz.souza\.m2\repository\org\springframework\boot\spring-boot-starter-validation\2.5.3\spring-boot-starter-validation-2.5.3.jar;C:\Users\luiz.souza\.m2\repository\org\apache\tomcat\embed\tomcat-embed-el\9.0.50\tomcat-embed-el-9.0.50.jar;C:\Users\luiz.souza\.m2\repository\org\hibernate\validator\hibernate-validator\6.2.0.Final\hibernate-validator-6.2.0.Final.jar;C:\Users\luiz.souza\.m2\repository\jakarta\validation\jakarta.validation-api\2.0.2\jakarta.validation-api-2.0.2.jar;C:\Users\luiz.souza\.m2\repository\org\springframework\boot\spring-boot-starter-actuator\2.5.3\spring-boot-starter-actuator-2.5.3.jar;C:\Users\luiz.souza\.m2\repository\org\springframework\boot\spring-boot-actuator-autoconfigure\2.5.3\spring-boot-actuator-autoconfigure-2.5.3.jar;C:\Users\luiz.souza\.m2\repository\org\springframework\boot\spring-boot-actuator\2.5.3\spring-boot-actuator-2.5.3.jar;C:\Users\luiz.souza\.m2\repository\io\micrometer\micrometer-core\1.7.2\micrometer-core-1.7.2.jar;C:\Users\luiz.souza\.m2\repository\org\hdrhistogram\HdrHistogram\2.1.12\HdrHistogram-2.1.12.jar;C:\Users\luiz.souza\.m2\repository\org\latencyutils\LatencyUtils\2.0.3\LatencyUtils-2.0.3.jar;C:\Users\luiz.souza\.m2\repository\io\micrometer\micrometer-registry-prometheus\1.7.2\micrometer-registry-prometheus-1.7.2.jar;C:\Users\luiz.souza\.m2\repository\io\prometheus\simpleclient_common\0.10.0\simpleclient_common-0.10.0.jar;C:\Users\luiz.souza\.m2\repository\io\prometheus\simpleclient\0.10.0\simpleclient-0.10.0.jar;C:\Users\luiz.souza\.m2\repository\io\opentracing\contrib\opentracing-spring-jaeger-cloud-starter\3.2.2\opentracing-spring-jaeger-cloud-starter-3.2.2.jar;C:\Users\luiz.souza\.m2\repository\io\opentracing\contrib\opentracing-spring-jaeger-starter\3.2.2\opentracing-spring-jaeger-starter-3.2.2.jar;C:\Users\luiz.souza\.m2\repository\io\opentracing\contrib\opentracing-spring-tracer-configuration-starter\0.4.0\opentracing-spring-tracer-configuration-starter-0.4.0.jar;C:\Users\luiz.souza\.m2\repository\io\opentracing\opentracing-noop\0.33.0\opentracing-noop-0.33.0.jar;C:\Users\luiz.souza\.m2\repository\io\opentracing\opentracing-util\0.33.0\opentracing-util-0.33.0.jar;C:\Users\luiz.souza\.m2\repository\io\opentracing\contrib\opentracing-tracerresolver\0.1.8\opentracing-tracerresolver-0.1.8.jar;C:\Users\luiz.souza\.m2\repository\io\opentracing\opentracing-api\0.33.0\opentracing-api-0.33.0.jar;C:\Users\luiz.souza\.m2\repository\io\jaegertracing\jaeger-client\1.1.0\jaeger-client-1.1.0.jar;C:\Users\luiz.souza\.m2\repository\io\jaegertracing\jaeger-thrift\1.1.0\jaeger-thrift-1.1.0.jar;C:\Users\luiz.souza\.m2\repository\org\apache\thrift\libthrift\0.13.0\libthrift-0.13.0.jar;C:\Users\luiz.souza\.m2\repository\javax\annotation\javax.annotation-api\1.3.2\javax.annotation-api-1.3.2.jar;C:\Users\luiz.souza\.m2\repository\com\squareup\okhttp3\okhttp\3.14.9\okhttp-3.14.9.jar;C:\Users\luiz.souza\.m2\repository\com\squareup\okio\okio\1.17.2\okio-1.17.2.jar;C:\Users\luiz.souza\.m2\repository\io\jaegertracing\jaeger-core\1.1.0\jaeger-core-1.1.0.jar;C:\Users\luiz.souza\.m2\repository\com\google\code\gson\gson\2.8.7\gson-2.8.7.jar;C:\Users\luiz.souza\.m2\repository\io\jaegertracing\jaeger-tracerresolver\1.1.0\jaeger-tracerresolver-1.1.0.jar;C:\Users\luiz.souza\.m2\repository\io\opentracing\contrib\opentracing-spring-cloud-starter\0.5.3\opentracing-spring-cloud-starter-0.5.3.jar;C:\Users\luiz.souza\.m2\repository\io\opentracing\contrib\opentracing-spring-cloud-core\0.5.3\opentracing-spring-cloud-core-0.5.3.jar;C:\Users\luiz.souza\.m2\repository\io\opentracing\contrib\opentracing-concurrent\0.4.0\opentracing-concurrent-0.4.0.jar;C:\Users\luiz.souza\.m2\repository\io\opentracing\contrib\opentracing-spring-web-starter\3.0.1\opentracing-spring-web-starter-3.0.1.jar;C:\Users\luiz.souza\.m2\repository\io\opentracing\contrib\opentracing-spring-web\3.0.1\opentracing-spring-web-3.0.1.jar;C:\Users\luiz.souza\.m2\repository\io\opentracing\contrib\opentracing-web-servlet-filter\0.4.0\opentracing-web-servlet-filter-0.4.0.jar;C:\Users\luiz.souza\.m2\repository\io\opentracing\contrib\opentracing-spring-messaging-starter\1.0.0\opentracing-spring-messaging-starter-1.0.0.jar;C:\Users\luiz.souza\.m2\repository\io\opentracing\contrib\opentracing-spring-messaging\1.0.0\opentracing-spring-messaging-1.0.0.jar;C:\Users\luiz.souza\.m2\repository\io\opentracing\contrib\opentracing-spring-rabbitmq-starter\3.0.0\opentracing-spring-rabbitmq-starter-3.0.0.jar;C:\Users\luiz.souza\.m2\repository\io\opentracing\contrib\opentracing-spring-rabbitmq\3.0.0\opentracing-spring-rabbitmq-3.0.0.jar;C:\Users\luiz.souza\.m2\repository\io\opentracing\contrib\opentracing-spring-cloud-jdbc-starter\0.5.3\opentracing-spring-cloud-jdbc-starter-0.5.3.jar;C:\Users\luiz.souza\.m2\repository\io\opentracing\contrib\opentracing-jdbc\0.2.8\opentracing-jdbc-0.2.8.jar;C:\Users\luiz.souza\.m2\repository\io\opentracing\contrib\common\0.1.4\common-0.1.4.jar;C:\Users\luiz.souza\.m2\repository\io\opentracing\contrib\opentracing-spring-cloud-jms-starter\0.5.3\opentracing-spring-cloud-jms-starter-0.5.3.jar;C:\Users\luiz.souza\.m2\repository\io\opentracing\contrib\opentracing-jms-spring\0.1.7\opentracing-jms-spring-0.1.7.jar;C:\Users\luiz.souza\.m2\repository\io\opentracing\contrib\opentracing-jms-2\0.1.7\opentracing-jms-2-0.1.7.jar;C:\Users\luiz.souza\.m2\repository\io\opentracing\contrib\opentracing-jms-common\0.1.7\opentracing-jms-common-0.1.7.jar;C:\Users\luiz.souza\.m2\repository\io\opentracing\contrib\opentracing-spring-cloud-kafka-starter\0.5.3\opentracing-spring-cloud-kafka-starter-0.5.3.jar;C:\Users\luiz.souza\.m2\repository\io\opentracing\contrib\opentracing-kafka-spring\0.1.12\opentracing-kafka-spring-0.1.12.jar;C:\Users\luiz.souza\.m2\repository\io\opentracing\contrib\opentracing-kafka-client\0.1.12\opentracing-kafka-client-0.1.12.jar;C:\Users\luiz.souza\.m2\repository\io\opentracing\contrib\opentracing-spring-cloud-feign-starter\0.5.3\opentracing-spring-cloud-feign-starter-0.5.3.jar;C:\Users\luiz.souza\.m2\repository\io\github\openfeign\opentracing\feign-opentracing\0.4.0\feign-opentracing-0.4.0.jar;C:\Users\luiz.souza\.m2\repository\io\github\openfeign\opentracing\feign-hystrix-opentracing\0.4.0\feign-hystrix-opentracing-0.4.0.jar;C:\Users\luiz.souza\.m2\repository\io\opentracing\contrib\opentracing-spring-cloud-hystrix-starter\0.5.3\opentracing-spring-cloud-hystrix-starter-0.5.3.jar;C:\Users\luiz.souza\.m2\repository\io\opentracing\contrib\opentracing-spring-cloud-reactor-starter\0.5.3\opentracing-spring-cloud-reactor-starter-0.5.3.jar;C:\Users\luiz.souza\.m2\repository\io\opentracing\contrib\opentracing-reactor\0.1.2\opentracing-reactor-0.1.2.jar;C:\Users\luiz.souza\.m2\repository\io\opentracing\contrib\opentracing-spring-cloud-rxjava-starter\0.5.3\opentracing-spring-cloud-rxjava-starter-0.5.3.jar;C:\Users\luiz.souza\.m2\repository\io\opentracing\contrib\opentracing-rxjava-1\0.1.3\opentracing-rxjava-1-0.1.3.jar;C:\Users\luiz.souza\.m2\repository\io\opentracing\contrib\opentracing-spring-cloud-redis-starter\0.5.3\opentracing-spring-cloud-redis-starter-0.5.3.jar;C:\Users\luiz.souza\.m2\repository\io\opentracing\contrib\opentracing-redis-spring-data2\0.1.14\opentracing-redis-spring-data2-0.1.14.jar;C:\Users\luiz.souza\.m2\repository\io\opentracing\contrib\opentracing-redis-common\0.1.14\opentracing-redis-common-0.1.14.jar;C:\Users\luiz.souza\.m2\repository\io\opentracing\contrib\opentracing-spring-cloud-mongo-starter\0.5.3\opentracing-spring-cloud-mongo-starter-0.5.3.jar;C:\Users\luiz.souza\.m2\repository\io\opentracing\contrib\opentracing-mongo-driver\0.1.5\opentracing-mongo-driver-0.1.5.jar;C:\Users\luiz.souza\.m2\repository\io\opentracing\contrib\opentracing-mongo-common\0.1.5\opentracing-mongo-common-0.1.5.jar;C:\Users\luiz.souza\.m2\repository\io\opentracing\contrib\opentracing-spring-cloud-websocket-starter\0.5.3\opentracing-spring-cloud-websocket-starter-0.5.3.jar;C:\Users\luiz.souza\.m2\repository\io\opentracing\contrib\opentracing-spring-cloud-zuul-starter\0.5.3\opentracing-spring-cloud-zuul-starter-0.5.3.jar;C:\Users\luiz.souza\.m2\repository\io\opentracing\contrib\opentracing-spring-cloud-gateway-starter\0.5.3\opentracing-spring-cloud-gateway-starter-0.5.3.jar;C:\Users\luiz.souza\.m2\repository\mysql\mysql-connector-java\8.0.26\mysql-connector-java-8.0.26.jar;C:\Users\luiz.souza\.m2\repository\org\springframework\cloud\spring-cloud-starter-openfeign\3.0.3\spring-cloud-starter-openfeign-3.0.3.jar;C:\Users\luiz.souza\.m2\repository\org\springframework\cloud\spring-cloud-starter\3.0.3\spring-cloud-starter-3.0.3.jar;C:\Users\luiz.souza\.m2\repository\org\springframework\cloud\spring-cloud-context\3.0.3\spring-cloud-context-3.0.3.jar;C:\Users\luiz.souza\.m2\repository\org\springframework\security\spring-security-rsa\1.0.10.RELEASE\spring-security-rsa-1.0.10.RELEASE.jar;C:\Users\luiz.souza\.m2\repository\org\bouncycastle\bcpkix-jdk15on\1.68\bcpkix-jdk15on-1.68.jar;C:\Users\luiz.souza\.m2\repository\org\bouncycastle\bcprov-jdk15on\1.68\bcprov-jdk15on-1.68.jar;C:\Users\luiz.souza\.m2\repository\org\springframework\cloud\spring-cloud-openfeign-core\3.0.3\spring-cloud-openfeign-core-3.0.3.jar;C:\Users\luiz.souza\.m2\repository\io\github\openfeign\form\feign-form-spring\3.8.0\feign-form-spring-3.8.0.jar;C:\Users\luiz.souza\.m2\repository\io\github\openfeign\form\feign-form\3.8.0\feign-form-3.8.0.jar;C:\Users\luiz.souza\.m2\repository\commons-fileupload\commons-fileupload\1.4\commons-fileupload-1.4.jar;C:\Users\luiz.souza\.m2\repository\commons-io\commons-io\2.2\commons-io-2.2.jar;C:\Users\luiz.souza\.m2\repository\org\springframework\cloud\spring-cloud-commons\3.0.3\spring-cloud-commons-3.0.3.jar;C:\Users\luiz.souza\.m2\repository\org\springframework\security\spring-security-crypto\5.5.1\spring-security-crypto-5.5.1.jar;C:\Users\luiz.souza\.m2\repository\io\github\openfeign\feign-core\10.12\feign-core-10.12.jar;C:\Users\luiz.souza\.m2\repository\io\github\openfeign\feign-slf4j\10.12\feign-slf4j-10.12.jar;"/>
    <property name="sun.cpu.endian" value="little"/>
    <property name="user.home" value="C:\Users\luiz.souza"/>
    <property name="user.language" value="pt"/>
    <property name="java.specification.vendor" value="Oracle Corporation"/>
    <property name="java.version.date" value="2021-04-20"/>
    <property name="java.home" value="C:\Program Files\Java\jdk-11.0.11"/>
    <property name="file.separator" value="\"/>
    <property name="basedir" value="C:\Users\luiz.souza\Documents\Programa Orange Talents\desafios-ot7\orange-talents-07-template-proposta"/>
    <property name="java.vm.compressedOopsMode" value="Zero based"/>
    <property name="line.separator" value="&#10;"/>
    <property name="java.specification.name" value="Java Platform API Specification"/>
    <property name="java.vm.specification.vendor" value="Oracle Corporation"/>
    <property name="java.awt.graphicsenv" value="sun.awt.Win32GraphicsEnvironment"/>
    <property name="surefire.real.class.path" value="C:\Users\LUIZ~1.SOU\AppData\Local\Temp\surefire5344604728138137988\surefirebooter15681028395540493019.jar"/>
    <property name="user.script" value=""/>
    <property name="sun.management.compiler" value="HotSpot 64-Bit Tiered Compilers"/>
    <property name="java.runtime.version" value="11.0.11+9-LTS-194"/>
    <property name="user.name" value="luiz.souza"/>
    <property name="path.separator" value=";"/>
    <property name="os.version" value="10.0"/>
    <property name="java.runtime.name" value="Java(TM) SE Runtime Environment"/>
    <property name="file.encoding" value="Cp1252"/>
    <property name="java.vm.name" value="Java HotSpot(TM) 64-Bit Server VM"/>
    <property name="java.vendor.version" value="18.9"/>
    <property name="localRepository" value="C:\Users\luiz.souza\.m2\repository"/>
    <property name="java.vendor.url.bug" value="https://bugreport.java.com/bugreport/"/>
    <property name="java.io.tmpdir" value="C:\Users\LUIZ~1.SOU\AppData\Local\Temp\"/>
    <property name="idea.version" value="2021.1.3"/>
    <property name="java.version" value="11.0.11"/>
    <property name="user.dir" value="C:\Users\luiz.souza\Documents\Programa Orange Talents\desafios-ot7\orange-talents-07-template-proposta"/>
    <property name="os.arch" value="amd64"/>
    <property name="java.vm.specification.name" value="Java Virtual Machine Specification"/>
    <property name="java.awt.printerjob" value="sun.awt.windows.WPrinterJob"/>
    <property name="sun.os.patch.level" value=""/>
    <property name="java.library.path" value="C:\Program Files\Java\jdk-11.0.11\bin;C:\Windows\Sun\Java\bin;C:\Windows\system32;C:\Windows;C:\Program Files\Common Files\Oracle\Java\javapath;C:\Windows\system32;C:\Program Files\Java\jdk-11.0.11\bin;C:\Program Files\MariaDB 10.6\bin;C:\apache-maven-3.8.1\bin;C:\Windows;C:\Windows\System32\Wbem;C:\Windows\System32\WindowsPowerShell\v1.0\;C:\Windows\System32\OpenSSH\;C:\Program Files\Git\cmd;C:\Program Files\Git\bin;;C:\Program Files\Docker\Docker\resources\bin;C:\ProgramData\DockerDesktop\version-bin;C:\Program Files\MySQL\MySQL Shell 8.0\bin\;C:\Users\luiz.souza\AppData\Local\Microsoft\WindowsApps;;C:\Program Files\JetBrains\IntelliJ IDEA Community Edition 2021.1.3\bin;;."/>
    <property name="java.vendor" value="Oracle Corporation"/>
    <property name="java.vm.info" value="mixed mode"/>
    <property name="java.vm.version" value="11.0.11+9-LTS-194"/>
    <property name="sun.io.unicode.encoding" value="UnicodeLittle"/>
    <property name="java.class.version" value="55.0"/>
  </properties>
  <testcase name="contextLoads" classname="com.zupacademy.luizpedro.microserviceproposta.MicroservicePropostaApplicationTests" time="0.002">
    <error message="Failed to load ApplicationContext" type="java.lang.IllegalStateException">java.lang.IllegalStateException: Failed to load ApplicationContext
Caused by: org.springframework.beans.factory.UnsatisfiedDependencyException: Error creating bean with name 'propostaController': Unsatisfied dependency expressed through field 'analiseFinanceira'; nested exception is org.springframework.beans.factory.BeanCreationException: Error creating bean with name 'com.zupacademy.luizpedro.microserviceproposta.controller.AnaliseFinanceira': Unexpected exception during bean creation; nested exception is java.lang.NoClassDefFoundError: org/springframework/cloud/openfeign/ribbon/LoadBalancerFeignClient
Caused by: org.springframework.beans.factory.BeanCreationException: Error creating bean with name 'com.zupacademy.luizpedro.microserviceproposta.controller.AnaliseFinanceira': Unexpected exception during bean creation; nested exception is java.lang.NoClassDefFoundError: org/springframework/cloud/openfeign/ribbon/LoadBalancerFeignClient
Caused by: java.lang.NoClassDefFoundError: org/springframework/cloud/openfeign/ribbon/LoadBalancerFeignClient
Caused by: java.lang.ClassNotFoundException: org.springframework.cloud.openfeign.ribbon.LoadBalancerFeignClient
</error>
    <system-out><![CDATA[17:16:44.653 [main] DEBUG org.springframework.test.context.BootstrapUtils - Instantiating CacheAwareContextLoaderDelegate from class [org.springframework.test.context.cache.DefaultCacheAwareContextLoaderDelegate]
17:16:44.675 [main] DEBUG org.springframework.test.context.BootstrapUtils - Instantiating BootstrapContext using constructor [public org.springframework.test.context.support.DefaultBootstrapContext(java.lang.Class,org.springframework.test.context.CacheAwareContextLoaderDelegate)]
17:16:44.732 [main] DEBUG org.springframework.test.context.BootstrapUtils - Instantiating TestContextBootstrapper for test class [com.zupacademy.luizpedro.microserviceproposta.MicroservicePropostaApplicationTests] from class [org.springframework.boot.test.context.SpringBootTestContextBootstrapper]
17:16:44.749 [main] INFO org.springframework.boot.test.context.SpringBootTestContextBootstrapper - Neither @ContextConfiguration nor @ContextHierarchy found for test class [com.zupacademy.luizpedro.microserviceproposta.MicroservicePropostaApplicationTests], using SpringBootContextLoader
17:16:44.755 [main] DEBUG org.springframework.test.context.support.AbstractContextLoader - Did not detect default resource location for test class [com.zupacademy.luizpedro.microserviceproposta.MicroservicePropostaApplicationTests]: class path resource [com/zupacademy/luizpedro/microserviceproposta/MicroservicePropostaApplicationTests-context.xml] does not exist
17:16:44.756 [main] DEBUG org.springframework.test.context.support.AbstractContextLoader - Did not detect default resource location for test class [com.zupacademy.luizpedro.microserviceproposta.MicroservicePropostaApplicationTests]: class path resource [com/zupacademy/luizpedro/microserviceproposta/MicroservicePropostaApplicationTestsContext.groovy] does not exist
17:16:44.757 [main] INFO org.springframework.test.context.support.AbstractContextLoader - Could not detect default resource locations for test class [com.zupacademy.luizpedro.microserviceproposta.MicroservicePropostaApplicationTests]: no resource found for suffixes {-context.xml, Context.groovy}.
17:16:44.758 [main] INFO org.springframework.test.context.support.AnnotationConfigContextLoaderUtils - Could not detect default configuration classes for test class [com.zupacademy.luizpedro.microserviceproposta.MicroservicePropostaApplicationTests]: MicroservicePropostaApplicationTests does not declare any static, non-private, non-final, nested classes annotated with @Configuration.
17:16:44.853 [main] DEBUG org.springframework.test.context.support.ActiveProfilesUtils - Could not find an 'annotation declaring class' for annotation type [org.springframework.test.context.ActiveProfiles] and class [com.zupacademy.luizpedro.microserviceproposta.MicroservicePropostaApplicationTests]
17:16:44.954 [main] DEBUG org.springframework.context.annotation.ClassPathScanningCandidateComponentProvider - Identified candidate component class: file [C:\Users\luiz.souza\Documents\Programa Orange Talents\desafios-ot7\orange-talents-07-template-proposta\target\classes\com\zupacademy\luizpedro\microserviceproposta\MicroservicePropostaApplication.class]
17:16:44.956 [main] INFO org.springframework.boot.test.context.SpringBootTestContextBootstrapper - Found @SpringBootConfiguration com.zupacademy.luizpedro.microserviceproposta.MicroservicePropostaApplication for test class com.zupacademy.luizpedro.microserviceproposta.MicroservicePropostaApplicationTests
17:16:45.155 [main] DEBUG org.springframework.boot.test.context.SpringBootTestContextBootstrapper - @TestExecutionListeners is not present for class [com.zupacademy.luizpedro.microserviceproposta.MicroservicePropostaApplicationTests]: using defaults.
17:16:45.155 [main] INFO org.springframework.boot.test.context.SpringBootTestContextBootstrapper - Loaded default TestExecutionListener class names from location [META-INF/spring.factories]: [org.springframework.boot.test.mock.mockito.MockitoTestExecutionListener, org.springframework.boot.test.mock.mockito.ResetMocksTestExecutionListener, org.springframework.boot.test.autoconfigure.restdocs.RestDocsTestExecutionListener, org.springframework.boot.test.autoconfigure.web.client.MockRestServiceServerResetTestExecutionListener, org.springframework.boot.test.autoconfigure.web.servlet.MockMvcPrintOnlyOnFailureTestExecutionListener, org.springframework.boot.test.autoconfigure.web.servlet.WebDriverTestExecutionListener, org.springframework.boot.test.autoconfigure.webservices.client.MockWebServiceServerTestExecutionListener, org.springframework.test.context.web.ServletTestExecutionListener, org.springframework.test.context.support.DirtiesContextBeforeModesTestExecutionListener, org.springframework.test.context.event.ApplicationEventsTestExecutionListener, org.springframework.test.context.support.DependencyInjectionTestExecutionListener, org.springframework.test.context.support.DirtiesContextTestExecutionListener, org.springframework.test.context.transaction.TransactionalTestExecutionListener, org.springframework.test.context.jdbc.SqlScriptsTestExecutionListener, org.springframework.test.context.event.EventPublishingTestExecutionListener]
17:16:45.196 [main] INFO org.springframework.boot.test.context.SpringBootTestContextBootstrapper - Using TestExecutionListeners: [org.springframework.test.context.web.ServletTestExecutionListener@62f4ff3b, org.springframework.test.context.support.DirtiesContextBeforeModesTestExecutionListener@1698fc68, org.springframework.test.context.event.ApplicationEventsTestExecutionListener@4504d271, org.springframework.boot.test.mock.mockito.MockitoTestExecutionListener@207b8649, org.springframework.boot.test.autoconfigure.SpringBootDependencyInjectionTestExecutionListener@65b3a85a, org.springframework.test.context.support.DirtiesContextTestExecutionListener@34997338, org.springframework.test.context.transaction.TransactionalTestExecutionListener@57eda880, org.springframework.test.context.jdbc.SqlScriptsTestExecutionListener@2b5825fa, org.springframework.test.context.event.EventPublishingTestExecutionListener@53d1b9b3, org.springframework.boot.test.mock.mockito.ResetMocksTestExecutionListener@2cae1042, org.springframework.boot.test.autoconfigure.restdocs.RestDocsTestExecutionListener@163d04ff, org.springframework.boot.test.autoconfigure.web.client.MockRestServiceServerResetTestExecutionListener@7c209437, org.springframework.boot.test.autoconfigure.web.servlet.MockMvcPrintOnlyOnFailureTestExecutionListener@2262b621, org.springframework.boot.test.autoconfigure.web.servlet.WebDriverTestExecutionListener@7e928e2f, org.springframework.boot.test.autoconfigure.webservices.client.MockWebServiceServerTestExecutionListener@f667fe]
17:16:45.207 [main] DEBUG org.springframework.test.context.support.AbstractDirtiesContextTestExecutionListener - Before test class: context [DefaultTestContext@1f2f9244 testClass = MicroservicePropostaApplicationTests, testInstance = [null], testMethod = [null], testException = [null], mergedContextConfiguration = [WebMergedContextConfiguration@4c4d27c8 testClass = MicroservicePropostaApplicationTests, locations = '{}', classes = '{class com.zupacademy.luizpedro.microserviceproposta.MicroservicePropostaApplication}', contextInitializerClasses = '[]', activeProfiles = '{}', propertySourceLocations = '{}', propertySourceProperties = '{org.springframework.boot.test.context.SpringBootTestContextBootstrapper=true}', contextCustomizers = set[org.springframework.boot.test.context.filter.ExcludeFilterContextCustomizer@5b3f61ff, org.springframework.boot.test.json.DuplicateJsonObjectContextCustomizerFactory$DuplicateJsonObjectContextCustomizer@7cb502c, org.springframework.boot.test.mock.mockito.MockitoContextCustomizer@0, org.springframework.boot.test.web.client.TestRestTemplateContextCustomizer@55cf0d14, org.springframework.boot.test.autoconfigure.actuate.metrics.MetricsExportContextCustomizerFactory$DisableMetricExportContextCustomizer@6cdba6dc, org.springframework.boot.test.autoconfigure.properties.PropertyMappingContextCustomizer@0, org.springframework.boot.test.autoconfigure.web.servlet.WebDriverContextCustomizerFactory$Customizer@5717c37, org.springframework.boot.test.context.SpringBootTestArgs@1, org.springframework.boot.test.context.SpringBootTestWebEnvironment@6c64cb25], resourceBasePath = 'src/main/webapp', contextLoader = 'org.springframework.boot.test.context.SpringBootContextLoader', parent = [null]], attributes = map['org.springframework.test.context.web.ServletTestExecutionListener.activateListener' -> true]], class annotated with @DirtiesContext [false] with mode [null].
17:16:45.285 [main] DEBUG org.springframework.test.context.support.TestPropertySourceUtils - Adding inlined properties to environment: {spring.jmx.enabled=false, org.springframework.boot.test.context.SpringBootTestContextBootstrapper=true}

  .   ____          _            __ _ _
 /\\ / ___'_ __ _ _(_)_ __  __ _ \ \ \ \
( ( )\___ | '_ | '_| | '_ \/ _` | \ \ \ \
 \\/  ___)| |_)| | | | | || (_| |  ) ) ) )
  '  |____| .__|_| |_|_| |_\__, | / / / /
 =========|_|==============|___/=/_/_/_/
 :: Spring Boot ::                (v2.5.3)

2021-08-23 17:16:46.172  INFO 2108 --- [           main] l.m.MicroservicePropostaApplicationTests : Starting MicroservicePropostaApplicationTests using Java 11.0.11 on ZUP-7929 with PID 2108 (started by luiz.souza in C:\Users\luiz.souza\Documents\Programa Orange Talents\desafios-ot7\orange-talents-07-template-proposta)
2021-08-23 17:16:46.174  INFO 2108 --- [           main] l.m.MicroservicePropostaApplicationTests : No active profile set, falling back to default profiles: default
2021-08-23 17:16:48.077  INFO 2108 --- [           main] .s.d.r.c.RepositoryConfigurationDelegate : Bootstrapping Spring Data JPA repositories in DEFAULT mode.
2021-08-23 17:16:48.177  INFO 2108 --- [           main] .s.d.r.c.RepositoryConfigurationDelegate : Finished Spring Data repository scanning in 84 ms. Found 1 JPA repository interfaces.
2021-08-23 17:16:48.598  INFO 2108 --- [           main] o.s.cloud.context.scope.GenericScope     : BeanFactory id=396f5d37-6c19-3e32-8ba7-6b31cd642854
2021-08-23 17:16:48.942  INFO 2108 --- [           main] trationDelegate$BeanPostProcessorChecker : Bean 'io.opentracing.contrib.spring.cloud.async.DefaultAsyncAutoConfiguration$DefaultTracedAsyncConfigurerSupport' of type [io.opentracing.contrib.spring.cloud.async.DefaultAsyncAutoConfiguration$DefaultTracedAsyncConfigurerSupport$$EnhancerBySpringCGLIB$$16cd2800] is not eligible for getting processed by all BeanPostProcessors (for example: not eligible for auto-proxying)
2021-08-23 17:16:49.421  INFO 2108 --- [           main] trationDelegate$BeanPostProcessorChecker : Bean 'io.opentracing.contrib.spring.cloud.async.DefaultAsyncAutoConfiguration' of type [io.opentracing.contrib.spring.cloud.async.DefaultAsyncAutoConfiguration$$EnhancerBySpringCGLIB$$17eaf89d] is not eligible for getting processed by all BeanPostProcessors (for example: not eligible for auto-proxying)
2021-08-23 17:16:49.474  INFO 2108 --- [           main] trationDelegate$BeanPostProcessorChecker : Bean 'io.opentracing.contrib.spring.cloud.feign.FeignTracingAutoConfiguration' of type [io.opentracing.contrib.spring.cloud.feign.FeignTracingAutoConfiguration$$EnhancerBySpringCGLIB$$640041c] is not eligible for getting processed by all BeanPostProcessors (for example: not eligible for auto-proxying)
2021-08-23 17:16:50.061  INFO 2108 --- [           main] o.hibernate.jpa.internal.util.LogHelper  : HHH000204: Processing PersistenceUnitInfo [name: default]
2021-08-23 17:16:50.192  INFO 2108 --- [           main] org.hibernate.Version                    : HHH000412: Hibernate ORM core version 5.4.32.Final
2021-08-23 17:16:50.454  INFO 2108 --- [           main] o.hibernate.annotations.common.Version   : HCANN000001: Hibernate Commons Annotations {5.1.2.Final}
2021-08-23 17:16:50.916  INFO 2108 --- [           main] com.zaxxer.hikari.HikariDataSource       : HikariPool-1 - Starting...
2021-08-23 17:16:51.542  INFO 2108 --- [           main] com.zaxxer.hikari.HikariDataSource       : HikariPool-1 - Start completed.
2021-08-23 17:16:51.575  INFO 2108 --- [           main] org.hibernate.dialect.Dialect            : HHH000400: Using dialect: org.hibernate.dialect.MySQL5Dialect
Hibernate: alter table proposta add constraint FKe1lujotcy5ybcosbovmu3g22k foreign key (cartao_id) references cartao (id)
2021-08-23 17:16:52.794  INFO 2108 --- [           main] o.h.e.t.j.p.i.JtaPlatformInitiator       : HHH000490: Using JtaPlatform implementation: [org.hibernate.engine.transaction.jta.platform.internal.NoJtaPlatform]
2021-08-23 17:16:52.805  INFO 2108 --- [           main] j.LocalContainerEntityManagerFactoryBean : Initialized JPA EntityManagerFactory for persistence unit 'default'
2021-08-23 17:16:55.434  INFO 2108 --- [           main] o.c.s.w.s.ServerTracingAutoConfiguration : Creating WebMvcConfigurer bean with class io.opentracing.contrib.spring.web.interceptor.TracingHandlerInterceptor
2021-08-23 17:16:55.455  WARN 2108 --- [           main] JpaBaseConfiguration$JpaWebConfiguration : spring.jpa.open-in-view is enabled by default. Therefore, database queries may be performed during view rendering. Explicitly configure spring.jpa.open-in-view to disable this warning
2021-08-23 17:16:55.725  WARN 2108 --- [           main] o.s.w.c.s.GenericWebApplicationContext   : Exception encountered during context initialization - cancelling refresh attempt: org.springframework.beans.factory.UnsatisfiedDependencyException: Error creating bean with name 'propostaController': Unsatisfied dependency expressed through field 'analiseFinanceira'; nested exception is org.springframework.beans.factory.BeanCreationException: Error creating bean with name 'com.zupacademy.luizpedro.microserviceproposta.controller.AnaliseFinanceira': Unexpected exception during bean creation; nested exception is java.lang.NoClassDefFoundError: org/springframework/cloud/openfeign/ribbon/LoadBalancerFeignClient
2021-08-23 17:16:55.732  INFO 2108 --- [           main] j.LocalContainerEntityManagerFactoryBean : Closing JPA EntityManagerFactory for persistence unit 'default'
2021-08-23 17:16:55.735  INFO 2108 --- [           main] com.zaxxer.hikari.HikariDataSource       : HikariPool-1 - Shutdown initiated...
2021-08-23 17:16:55.756  INFO 2108 --- [           main] com.zaxxer.hikari.HikariDataSource       : HikariPool-1 - Shutdown completed.
2021-08-23 17:16:55.781  INFO 2108 --- [           main] ConditionEvaluationReportLoggingListener : 

Error starting ApplicationContext. To display the conditions report re-run your application with 'debug' enabled.
2021-08-23 17:16:55.822 ERROR 2108 --- [           main] o.s.boot.SpringApplication               : Application run failed

org.springframework.beans.factory.UnsatisfiedDependencyException: Error creating bean with name 'propostaController': Unsatisfied dependency expressed through field 'analiseFinanceira'; nested exception is org.springframework.beans.factory.BeanCreationException: Error creating bean with name 'com.zupacademy.luizpedro.microserviceproposta.controller.AnaliseFinanceira': Unexpected exception during bean creation; nested exception is java.lang.NoClassDefFoundError: org/springframework/cloud/openfeign/ribbon/LoadBalancerFeignClient
	at org.springframework.beans.factory.annotation.AutowiredAnnotationBeanPostProcessor$AutowiredFieldElement.resolveFieldValue(AutowiredAnnotationBeanPostProcessor.java:660) ~[spring-beans-5.3.9.jar:5.3.9]
	at org.springframework.beans.factory.annotation.AutowiredAnnotationBeanPostProcessor$AutowiredFieldElement.inject(AutowiredAnnotationBeanPostProcessor.java:640) ~[spring-beans-5.3.9.jar:5.3.9]
	at org.springframework.beans.factory.annotation.InjectionMetadata.inject(InjectionMetadata.java:119) ~[spring-beans-5.3.9.jar:5.3.9]
	at org.springframework.beans.factory.annotation.AutowiredAnnotationBeanPostProcessor.postProcessProperties(AutowiredAnnotationBeanPostProcessor.java:399) ~[spring-beans-5.3.9.jar:5.3.9]
	at org.springframework.beans.factory.support.AbstractAutowireCapableBeanFactory.populateBean(AbstractAutowireCapableBeanFactory.java:1413) ~[spring-beans-5.3.9.jar:5.3.9]
	at org.springframework.beans.factory.support.AbstractAutowireCapableBeanFactory.doCreateBean(AbstractAutowireCapableBeanFactory.java:601) ~[spring-beans-5.3.9.jar:5.3.9]
	at org.springframework.beans.factory.support.AbstractAutowireCapableBeanFactory.createBean(AbstractAutowireCapableBeanFactory.java:524) ~[spring-beans-5.3.9.jar:5.3.9]
	at org.springframework.beans.factory.support.AbstractBeanFactory.lambda$doGetBean$0(AbstractBeanFactory.java:335) ~[spring-beans-5.3.9.jar:5.3.9]
	at org.springframework.beans.factory.support.DefaultSingletonBeanRegistry.getSingleton(DefaultSingletonBeanRegistry.java:234) ~[spring-beans-5.3.9.jar:5.3.9]
	at org.springframework.beans.factory.support.AbstractBeanFactory.doGetBean(AbstractBeanFactory.java:333) ~[spring-beans-5.3.9.jar:5.3.9]
	at org.springframework.beans.factory.support.AbstractBeanFactory.getBean(AbstractBeanFactory.java:208) ~[spring-beans-5.3.9.jar:5.3.9]
	at org.springframework.beans.factory.support.DefaultListableBeanFactory.preInstantiateSingletons(DefaultListableBeanFactory.java:944) ~[spring-beans-5.3.9.jar:5.3.9]
	at org.springframework.context.support.AbstractApplicationContext.finishBeanFactoryInitialization(AbstractApplicationContext.java:918) ~[spring-context-5.3.9.jar:5.3.9]
	at org.springframework.context.support.AbstractApplicationContext.refresh(AbstractApplicationContext.java:583) ~[spring-context-5.3.9.jar:5.3.9]
	at org.springframework.boot.SpringApplication.refresh(SpringApplication.java:754) ~[spring-boot-2.5.3.jar:2.5.3]
	at org.springframework.boot.SpringApplication.refreshContext(SpringApplication.java:434) ~[spring-boot-2.5.3.jar:2.5.3]
	at org.springframework.boot.SpringApplication.run(SpringApplication.java:338) ~[spring-boot-2.5.3.jar:2.5.3]
	at org.springframework.boot.test.context.SpringBootContextLoader.loadContext(SpringBootContextLoader.java:123) ~[spring-boot-test-2.5.3.jar:2.5.3]
	at org.springframework.test.context.cache.DefaultCacheAwareContextLoaderDelegate.loadContextInternal(DefaultCacheAwareContextLoaderDelegate.java:99) ~[spring-test-5.3.9.jar:5.3.9]
	at org.springframework.test.context.cache.DefaultCacheAwareContextLoaderDelegate.loadContext(DefaultCacheAwareContextLoaderDelegate.java:124) ~[spring-test-5.3.9.jar:5.3.9]
	at org.springframework.test.context.support.DefaultTestContext.getApplicationContext(DefaultTestContext.java:124) ~[spring-test-5.3.9.jar:5.3.9]
	at org.springframework.test.context.web.ServletTestExecutionListener.setUpRequestContextIfNecessary(ServletTestExecutionListener.java:190) ~[spring-test-5.3.9.jar:5.3.9]
	at org.springframework.test.context.web.ServletTestExecutionListener.prepareTestInstance(ServletTestExecutionListener.java:132) ~[spring-test-5.3.9.jar:5.3.9]
	at org.springframework.test.context.TestContextManager.prepareTestInstance(TestContextManager.java:244) ~[spring-test-5.3.9.jar:5.3.9]
	at org.springframework.test.context.junit.jupiter.SpringExtension.postProcessTestInstance(SpringExtension.java:138) ~[spring-test-5.3.9.jar:5.3.9]
	at org.junit.jupiter.engine.descriptor.ClassBasedTestDescriptor.lambda$invokeTestInstancePostProcessors$6(ClassBasedTestDescriptor.java:350) ~[junit-jupiter-engine-5.7.2.jar:5.7.2]
	at org.junit.jupiter.engine.descriptor.ClassBasedTestDescriptor.executeAndMaskThrowable(ClassBasedTestDescriptor.java:355) ~[junit-jupiter-engine-5.7.2.jar:5.7.2]
	at org.junit.jupiter.engine.descriptor.ClassBasedTestDescriptor.lambda$invokeTestInstancePostProcessors$7(ClassBasedTestDescriptor.java:350) ~[junit-jupiter-engine-5.7.2.jar:5.7.2]
	at java.base/java.util.stream.ReferencePipeline$3$1.accept(ReferencePipeline.java:195) ~[na:na]
	at java.base/java.util.stream.ReferencePipeline$2$1.accept(ReferencePipeline.java:177) ~[na:na]
	at java.base/java.util.ArrayList$ArrayListSpliterator.forEachRemaining(ArrayList.java:1655) ~[na:na]
	at java.base/java.util.stream.AbstractPipeline.copyInto(AbstractPipeline.java:484) ~[na:na]
	at java.base/java.util.stream.AbstractPipeline.wrapAndCopyInto(AbstractPipeline.java:474) ~[na:na]
	at java.base/java.util.stream.StreamSpliterators$WrappingSpliterator.forEachRemaining(StreamSpliterators.java:312) ~[na:na]
	at java.base/java.util.stream.Streams$ConcatSpliterator.forEachRemaining(Streams.java:735) ~[na:na]
	at java.base/java.util.stream.Streams$ConcatSpliterator.forEachRemaining(Streams.java:734) ~[na:na]
	at java.base/java.util.stream.ReferencePipeline$Head.forEach(ReferencePipeline.java:658) ~[na:na]
	at org.junit.jupiter.engine.descriptor.ClassBasedTestDescriptor.invokeTestInstancePostProcessors(ClassBasedTestDescriptor.java:349) ~[junit-jupiter-engine-5.7.2.jar:5.7.2]
	at org.junit.jupiter.engine.descriptor.ClassBasedTestDescriptor.lambda$instantiateAndPostProcessTestInstance$4(ClassBasedTestDescriptor.java:270) ~[junit-jupiter-engine-5.7.2.jar:5.7.2]
	at org.junit.platform.engine.support.hierarchical.ThrowableCollector.execute(ThrowableCollector.java:73) ~[junit-platform-engine-1.7.2.jar:1.7.2]
	at org.junit.jupiter.engine.descriptor.ClassBasedTestDescriptor.instantiateAndPostProcessTestInstance(ClassBasedTestDescriptor.java:269) ~[junit-jupiter-engine-5.7.2.jar:5.7.2]
	at org.junit.jupiter.engine.descriptor.ClassBasedTestDescriptor.lambda$testInstancesProvider$2(ClassBasedTestDescriptor.java:259) ~[junit-jupiter-engine-5.7.2.jar:5.7.2]
	at java.base/java.util.Optional.orElseGet(Optional.java:369) ~[na:na]
	at org.junit.jupiter.engine.descriptor.ClassBasedTestDescriptor.lambda$testInstancesProvider$3(ClassBasedTestDescriptor.java:258) ~[junit-jupiter-engine-5.7.2.jar:5.7.2]
	at org.junit.jupiter.engine.execution.TestInstancesProvider.getTestInstances(TestInstancesProvider.java:31) ~[junit-jupiter-engine-5.7.2.jar:5.7.2]
	at org.junit.jupiter.engine.descriptor.TestMethodTestDescriptor.lambda$prepare$0(TestMethodTestDescriptor.java:101) ~[junit-jupiter-engine-5.7.2.jar:5.7.2]
	at org.junit.platform.engine.support.hierarchical.ThrowableCollector.execute(ThrowableCollector.java:73) ~[junit-platform-engine-1.7.2.jar:1.7.2]
	at org.junit.jupiter.engine.descriptor.TestMethodTestDescriptor.prepare(TestMethodTestDescriptor.java:100) ~[junit-jupiter-engine-5.7.2.jar:5.7.2]
	at org.junit.jupiter.engine.descriptor.TestMethodTestDescriptor.prepare(TestMethodTestDescriptor.java:65) ~[junit-jupiter-engine-5.7.2.jar:5.7.2]
	at org.junit.platform.engine.support.hierarchical.NodeTestTask.lambda$prepare$1(NodeTestTask.java:111) ~[junit-platform-engine-1.7.2.jar:1.7.2]
	at org.junit.platform.engine.support.hierarchical.ThrowableCollector.execute(ThrowableCollector.java:73) ~[junit-platform-engine-1.7.2.jar:1.7.2]
	at org.junit.platform.engine.support.hierarchical.NodeTestTask.prepare(NodeTestTask.java:111) ~[junit-platform-engine-1.7.2.jar:1.7.2]
	at org.junit.platform.engine.support.hierarchical.NodeTestTask.execute(NodeTestTask.java:79) ~[junit-platform-engine-1.7.2.jar:1.7.2]
	at java.base/java.util.ArrayList.forEach(ArrayList.java:1541) ~[na:na]
	at org.junit.platform.engine.support.hierarchical.SameThreadHierarchicalTestExecutorService.invokeAll(SameThreadHierarchicalTestExecutorService.java:38) ~[junit-platform-engine-1.7.2.jar:1.7.2]
	at org.junit.platform.engine.support.hierarchical.NodeTestTask.lambda$executeRecursively$5(NodeTestTask.java:143) ~[junit-platform-engine-1.7.2.jar:1.7.2]
	at org.junit.platform.engine.support.hierarchical.ThrowableCollector.execute(ThrowableCollector.java:73) ~[junit-platform-engine-1.7.2.jar:1.7.2]
	at org.junit.platform.engine.support.hierarchical.NodeTestTask.lambda$executeRecursively$7(NodeTestTask.java:129) ~[junit-platform-engine-1.7.2.jar:1.7.2]
	at org.junit.platform.engine.support.hierarchical.Node.around(Node.java:137) ~[junit-platform-engine-1.7.2.jar:1.7.2]
	at org.junit.platform.engine.support.hierarchical.NodeTestTask.lambda$executeRecursively$8(NodeTestTask.java:127) ~[junit-platform-engine-1.7.2.jar:1.7.2]
	at org.junit.platform.engine.support.hierarchical.ThrowableCollector.execute(ThrowableCollector.java:73) ~[junit-platform-engine-1.7.2.jar:1.7.2]
	at org.junit.platform.engine.support.hierarchical.NodeTestTask.executeRecursively(NodeTestTask.java:126) ~[junit-platform-engine-1.7.2.jar:1.7.2]
	at org.junit.platform.engine.support.hierarchical.NodeTestTask.execute(NodeTestTask.java:84) ~[junit-platform-engine-1.7.2.jar:1.7.2]
	at java.base/java.util.ArrayList.forEach(ArrayList.java:1541) ~[na:na]
	at org.junit.platform.engine.support.hierarchical.SameThreadHierarchicalTestExecutorService.invokeAll(SameThreadHierarchicalTestExecutorService.java:38) ~[junit-platform-engine-1.7.2.jar:1.7.2]
	at org.junit.platform.engine.support.hierarchical.NodeTestTask.lambda$executeRecursively$5(NodeTestTask.java:143) ~[junit-platform-engine-1.7.2.jar:1.7.2]
	at org.junit.platform.engine.support.hierarchical.ThrowableCollector.execute(ThrowableCollector.java:73) ~[junit-platform-engine-1.7.2.jar:1.7.2]
	at org.junit.platform.engine.support.hierarchical.NodeTestTask.lambda$executeRecursively$7(NodeTestTask.java:129) ~[junit-platform-engine-1.7.2.jar:1.7.2]
	at org.junit.platform.engine.support.hierarchical.Node.around(Node.java:137) ~[junit-platform-engine-1.7.2.jar:1.7.2]
	at org.junit.platform.engine.support.hierarchical.NodeTestTask.lambda$executeRecursively$8(NodeTestTask.java:127) ~[junit-platform-engine-1.7.2.jar:1.7.2]
	at org.junit.platform.engine.support.hierarchical.ThrowableCollector.execute(ThrowableCollector.java:73) ~[junit-platform-engine-1.7.2.jar:1.7.2]
	at org.junit.platform.engine.support.hierarchical.NodeTestTask.executeRecursively(NodeTestTask.java:126) ~[junit-platform-engine-1.7.2.jar:1.7.2]
	at org.junit.platform.engine.support.hierarchical.NodeTestTask.execute(NodeTestTask.java:84) ~[junit-platform-engine-1.7.2.jar:1.7.2]
	at org.junit.platform.engine.support.hierarchical.SameThreadHierarchicalTestExecutorService.submit(SameThreadHierarchicalTestExecutorService.java:32) ~[junit-platform-engine-1.7.2.jar:1.7.2]
	at org.junit.platform.engine.support.hierarchical.HierarchicalTestExecutor.execute(HierarchicalTestExecutor.java:57) ~[junit-platform-engine-1.7.2.jar:1.7.2]
	at org.junit.platform.engine.support.hierarchical.HierarchicalTestEngine.execute(HierarchicalTestEngine.java:51) ~[junit-platform-engine-1.7.2.jar:1.7.2]
	at org.junit.platform.launcher.core.DefaultLauncher.execute(DefaultLauncher.java:220) ~[junit-platform-launcher-1.3.1.jar:1.3.1]
	at org.junit.platform.launcher.core.DefaultLauncher.lambda$execute$6(DefaultLauncher.java:188) ~[junit-platform-launcher-1.3.1.jar:1.3.1]
	at org.junit.platform.launcher.core.DefaultLauncher.withInterceptedStreams(DefaultLauncher.java:202) ~[junit-platform-launcher-1.3.1.jar:1.3.1]
	at org.junit.platform.launcher.core.DefaultLauncher.execute(DefaultLauncher.java:181) ~[junit-platform-launcher-1.3.1.jar:1.3.1]
	at org.junit.platform.launcher.core.DefaultLauncher.execute(DefaultLauncher.java:128) ~[junit-platform-launcher-1.3.1.jar:1.3.1]
	at org.apache.maven.surefire.junitplatform.JUnitPlatformProvider.invokeAllTests(JUnitPlatformProvider.java:150) ~[surefire-junit-platform-2.22.2.jar:2.22.2]
	at org.apache.maven.surefire.junitplatform.JUnitPlatformProvider.invoke(JUnitPlatformProvider.java:124) ~[surefire-junit-platform-2.22.2.jar:2.22.2]
	at org.apache.maven.surefire.booter.ForkedBooter.invokeProviderInSameClassLoader(ForkedBooter.java:384) ~[surefire-booter-2.22.2.jar:2.22.2]
	at org.apache.maven.surefire.booter.ForkedBooter.runSuitesInProcess(ForkedBooter.java:345) ~[surefire-booter-2.22.2.jar:2.22.2]
	at org.apache.maven.surefire.booter.ForkedBooter.execute(ForkedBooter.java:126) ~[surefire-booter-2.22.2.jar:2.22.2]
	at org.apache.maven.surefire.booter.ForkedBooter.main(ForkedBooter.java:418) ~[surefire-booter-2.22.2.jar:2.22.2]
Caused by: org.springframework.beans.factory.BeanCreationException: Error creating bean with name 'com.zupacademy.luizpedro.microserviceproposta.controller.AnaliseFinanceira': Unexpected exception during bean creation; nested exception is java.lang.NoClassDefFoundError: org/springframework/cloud/openfeign/ribbon/LoadBalancerFeignClient
	at org.springframework.beans.factory.support.AbstractAutowireCapableBeanFactory.createBean(AbstractAutowireCapableBeanFactory.java:537) ~[spring-beans-5.3.9.jar:5.3.9]
	at org.springframework.beans.factory.support.AbstractBeanFactory.lambda$doGetBean$0(AbstractBeanFactory.java:335) ~[spring-beans-5.3.9.jar:5.3.9]
	at org.springframework.beans.factory.support.DefaultSingletonBeanRegistry.getSingleton(DefaultSingletonBeanRegistry.java:234) ~[spring-beans-5.3.9.jar:5.3.9]
	at org.springframework.beans.factory.support.AbstractBeanFactory.doGetBean(AbstractBeanFactory.java:333) ~[spring-beans-5.3.9.jar:5.3.9]
	at org.springframework.beans.factory.support.AbstractBeanFactory.getBean(AbstractBeanFactory.java:208) ~[spring-beans-5.3.9.jar:5.3.9]
	at org.springframework.beans.factory.config.DependencyDescriptor.resolveCandidate(DependencyDescriptor.java:276) ~[spring-beans-5.3.9.jar:5.3.9]
	at org.springframework.beans.factory.support.DefaultListableBeanFactory.doResolveDependency(DefaultListableBeanFactory.java:1380) ~[spring-beans-5.3.9.jar:5.3.9]
	at org.springframework.beans.factory.support.DefaultListableBeanFactory.resolveDependency(DefaultListableBeanFactory.java:1300) ~[spring-beans-5.3.9.jar:5.3.9]
	at org.springframework.beans.factory.annotation.AutowiredAnnotationBeanPostProcessor$AutowiredFieldElement.resolveFieldValue(AutowiredAnnotationBeanPostProcessor.java:657) ~[spring-beans-5.3.9.jar:5.3.9]
	... 86 common frames omitted
Caused by: java.lang.NoClassDefFoundError: org/springframework/cloud/openfeign/ribbon/LoadBalancerFeignClient
	at java.base/java.lang.ClassLoader.defineClass1(Native Method) ~[na:na]
	at java.base/java.lang.ClassLoader.defineClass(ClassLoader.java:1016) ~[na:na]
	at java.base/java.security.SecureClassLoader.defineClass(SecureClassLoader.java:174) ~[na:na]
	at java.base/jdk.internal.loader.BuiltinClassLoader.defineClass(BuiltinClassLoader.java:800) ~[na:na]
	at java.base/jdk.internal.loader.BuiltinClassLoader.findClassOnClassPathOrNull(BuiltinClassLoader.java:698) ~[na:na]
	at java.base/jdk.internal.loader.BuiltinClassLoader.loadClassOrNull(BuiltinClassLoader.java:621) ~[na:na]
	at java.base/jdk.internal.loader.BuiltinClassLoader.loadClass(BuiltinClassLoader.java:579) ~[na:na]
	at java.base/jdk.internal.loader.ClassLoaders$AppClassLoader.loadClass(ClassLoaders.java:178) ~[na:na]
	at java.base/java.lang.ClassLoader.loadClass(ClassLoader.java:521) ~[na:na]
	at io.opentracing.contrib.spring.cloud.feign.TracedFeignBeanFactory.from(TracedFeignBeanFactory.java:40) ~[opentracing-spring-cloud-feign-starter-0.5.3.jar:na]
	at io.opentracing.contrib.spring.cloud.feign.TraceFeignContext.addTracingClient(TraceFeignContext.java:64) ~[opentracing-spring-cloud-feign-starter-0.5.3.jar:na]
	at io.opentracing.contrib.spring.cloud.feign.TraceFeignContext.getInstance(TraceFeignContext.java:46) ~[opentracing-spring-cloud-feign-starter-0.5.3.jar:na]
	at org.springframework.cloud.openfeign.FeignClientFactoryBean.get(FeignClientFactoryBean.java:314) ~[spring-cloud-openfeign-core-3.0.3.jar:3.0.3]
	at org.springframework.cloud.openfeign.FeignClientFactoryBean.feign(FeignClientFactoryBean.java:120) ~[spring-cloud-openfeign-core-3.0.3.jar:3.0.3]
	at org.springframework.cloud.openfeign.FeignClientFactoryBean.getTarget(FeignClientFactoryBean.java:382) ~[spring-cloud-openfeign-core-3.0.3.jar:3.0.3]
	at org.springframework.cloud.openfeign.FeignClientFactoryBean.getObject(FeignClientFactoryBean.java:371) ~[spring-cloud-openfeign-core-3.0.3.jar:3.0.3]
	at org.springframework.cloud.openfeign.FeignClientsRegistrar.lambda$registerFeignClient$0(FeignClientsRegistrar.java:235) ~[spring-cloud-openfeign-core-3.0.3.jar:3.0.3]
	at org.springframework.beans.factory.support.AbstractAutowireCapableBeanFactory.obtainFromSupplier(AbstractAutowireCapableBeanFactory.java:1231) ~[spring-beans-5.3.9.jar:5.3.9]
	at org.springframework.beans.factory.support.AbstractAutowireCapableBeanFactory.createBeanInstance(AbstractAutowireCapableBeanFactory.java:1173) ~[spring-beans-5.3.9.jar:5.3.9]
	at org.springframework.beans.factory.support.AbstractAutowireCapableBeanFactory.doCreateBean(AbstractAutowireCapableBeanFactory.java:564) ~[spring-beans-5.3.9.jar:5.3.9]
	at org.springframework.beans.factory.support.AbstractAutowireCapableBeanFactory.createBean(AbstractAutowireCapableBeanFactory.java:524) ~[spring-beans-5.3.9.jar:5.3.9]
	... 94 common frames omitted
Caused by: java.lang.ClassNotFoundException: org.springframework.cloud.openfeign.ribbon.LoadBalancerFeignClient
	at java.base/jdk.internal.loader.BuiltinClassLoader.loadClass(BuiltinClassLoader.java:581) ~[na:na]
	at java.base/jdk.internal.loader.ClassLoaders$AppClassLoader.loadClass(ClassLoaders.java:178) ~[na:na]
	at java.base/java.lang.ClassLoader.loadClass(ClassLoader.java:521) ~[na:na]
	... 115 common frames omitted

2021-08-23 17:16:55.826 ERROR 2108 --- [           main] o.s.test.context.TestContextManager      : Caught exception while allowing TestExecutionListener [org.springframework.test.context.web.ServletTestExecutionListener@62f4ff3b] to prepare test instance [com.zupacademy.luizpedro.microserviceproposta.MicroservicePropostaApplicationTests@4250b0c1]

java.lang.IllegalStateException: Failed to load ApplicationContext
	at org.springframework.test.context.cache.DefaultCacheAwareContextLoaderDelegate.loadContext(DefaultCacheAwareContextLoaderDelegate.java:132) ~[spring-test-5.3.9.jar:5.3.9]
	at org.springframework.test.context.support.DefaultTestContext.getApplicationContext(DefaultTestContext.java:124) ~[spring-test-5.3.9.jar:5.3.9]
	at org.springframework.test.context.web.ServletTestExecutionListener.setUpRequestContextIfNecessary(ServletTestExecutionListener.java:190) ~[spring-test-5.3.9.jar:5.3.9]
	at org.springframework.test.context.web.ServletTestExecutionListener.prepareTestInstance(ServletTestExecutionListener.java:132) ~[spring-test-5.3.9.jar:5.3.9]
	at org.springframework.test.context.TestContextManager.prepareTestInstance(TestContextManager.java:244) ~[spring-test-5.3.9.jar:5.3.9]
	at org.springframework.test.context.junit.jupiter.SpringExtension.postProcessTestInstance(SpringExtension.java:138) ~[spring-test-5.3.9.jar:5.3.9]
	at org.junit.jupiter.engine.descriptor.ClassBasedTestDescriptor.lambda$invokeTestInstancePostProcessors$6(ClassBasedTestDescriptor.java:350) ~[junit-jupiter-engine-5.7.2.jar:5.7.2]
	at org.junit.jupiter.engine.descriptor.ClassBasedTestDescriptor.executeAndMaskThrowable(ClassBasedTestDescriptor.java:355) ~[junit-jupiter-engine-5.7.2.jar:5.7.2]
	at org.junit.jupiter.engine.descriptor.ClassBasedTestDescriptor.lambda$invokeTestInstancePostProcessors$7(ClassBasedTestDescriptor.java:350) ~[junit-jupiter-engine-5.7.2.jar:5.7.2]
	at java.base/java.util.stream.ReferencePipeline$3$1.accept(ReferencePipeline.java:195) ~[na:na]
	at java.base/java.util.stream.ReferencePipeline$2$1.accept(ReferencePipeline.java:177) ~[na:na]
	at java.base/java.util.ArrayList$ArrayListSpliterator.forEachRemaining(ArrayList.java:1655) ~[na:na]
	at java.base/java.util.stream.AbstractPipeline.copyInto(AbstractPipeline.java:484) ~[na:na]
	at java.base/java.util.stream.AbstractPipeline.wrapAndCopyInto(AbstractPipeline.java:474) ~[na:na]
	at java.base/java.util.stream.StreamSpliterators$WrappingSpliterator.forEachRemaining(StreamSpliterators.java:312) ~[na:na]
	at java.base/java.util.stream.Streams$ConcatSpliterator.forEachRemaining(Streams.java:735) ~[na:na]
	at java.base/java.util.stream.Streams$ConcatSpliterator.forEachRemaining(Streams.java:734) ~[na:na]
	at java.base/java.util.stream.ReferencePipeline$Head.forEach(ReferencePipeline.java:658) ~[na:na]
	at org.junit.jupiter.engine.descriptor.ClassBasedTestDescriptor.invokeTestInstancePostProcessors(ClassBasedTestDescriptor.java:349) ~[junit-jupiter-engine-5.7.2.jar:5.7.2]
	at org.junit.jupiter.engine.descriptor.ClassBasedTestDescriptor.lambda$instantiateAndPostProcessTestInstance$4(ClassBasedTestDescriptor.java:270) ~[junit-jupiter-engine-5.7.2.jar:5.7.2]
	at org.junit.platform.engine.support.hierarchical.ThrowableCollector.execute(ThrowableCollector.java:73) ~[junit-platform-engine-1.7.2.jar:1.7.2]
	at org.junit.jupiter.engine.descriptor.ClassBasedTestDescriptor.instantiateAndPostProcessTestInstance(ClassBasedTestDescriptor.java:269) ~[junit-jupiter-engine-5.7.2.jar:5.7.2]
	at org.junit.jupiter.engine.descriptor.ClassBasedTestDescriptor.lambda$testInstancesProvider$2(ClassBasedTestDescriptor.java:259) ~[junit-jupiter-engine-5.7.2.jar:5.7.2]
	at java.base/java.util.Optional.orElseGet(Optional.java:369) ~[na:na]
	at org.junit.jupiter.engine.descriptor.ClassBasedTestDescriptor.lambda$testInstancesProvider$3(ClassBasedTestDescriptor.java:258) ~[junit-jupiter-engine-5.7.2.jar:5.7.2]
	at org.junit.jupiter.engine.execution.TestInstancesProvider.getTestInstances(TestInstancesProvider.java:31) ~[junit-jupiter-engine-5.7.2.jar:5.7.2]
	at org.junit.jupiter.engine.descriptor.TestMethodTestDescriptor.lambda$prepare$0(TestMethodTestDescriptor.java:101) ~[junit-jupiter-engine-5.7.2.jar:5.7.2]
	at org.junit.platform.engine.support.hierarchical.ThrowableCollector.execute(ThrowableCollector.java:73) ~[junit-platform-engine-1.7.2.jar:1.7.2]
	at org.junit.jupiter.engine.descriptor.TestMethodTestDescriptor.prepare(TestMethodTestDescriptor.java:100) ~[junit-jupiter-engine-5.7.2.jar:5.7.2]
	at org.junit.jupiter.engine.descriptor.TestMethodTestDescriptor.prepare(TestMethodTestDescriptor.java:65) ~[junit-jupiter-engine-5.7.2.jar:5.7.2]
	at org.junit.platform.engine.support.hierarchical.NodeTestTask.lambda$prepare$1(NodeTestTask.java:111) ~[junit-platform-engine-1.7.2.jar:1.7.2]
	at org.junit.platform.engine.support.hierarchical.ThrowableCollector.execute(ThrowableCollector.java:73) ~[junit-platform-engine-1.7.2.jar:1.7.2]
	at org.junit.platform.engine.support.hierarchical.NodeTestTask.prepare(NodeTestTask.java:111) ~[junit-platform-engine-1.7.2.jar:1.7.2]
	at org.junit.platform.engine.support.hierarchical.NodeTestTask.execute(NodeTestTask.java:79) ~[junit-platform-engine-1.7.2.jar:1.7.2]
	at java.base/java.util.ArrayList.forEach(ArrayList.java:1541) ~[na:na]
	at org.junit.platform.engine.support.hierarchical.SameThreadHierarchicalTestExecutorService.invokeAll(SameThreadHierarchicalTestExecutorService.java:38) ~[junit-platform-engine-1.7.2.jar:1.7.2]
	at org.junit.platform.engine.support.hierarchical.NodeTestTask.lambda$executeRecursively$5(NodeTestTask.java:143) ~[junit-platform-engine-1.7.2.jar:1.7.2]
	at org.junit.platform.engine.support.hierarchical.ThrowableCollector.execute(ThrowableCollector.java:73) ~[junit-platform-engine-1.7.2.jar:1.7.2]
	at org.junit.platform.engine.support.hierarchical.NodeTestTask.lambda$executeRecursively$7(NodeTestTask.java:129) ~[junit-platform-engine-1.7.2.jar:1.7.2]
	at org.junit.platform.engine.support.hierarchical.Node.around(Node.java:137) ~[junit-platform-engine-1.7.2.jar:1.7.2]
	at org.junit.platform.engine.support.hierarchical.NodeTestTask.lambda$executeRecursively$8(NodeTestTask.java:127) ~[junit-platform-engine-1.7.2.jar:1.7.2]
	at org.junit.platform.engine.support.hierarchical.ThrowableCollector.execute(ThrowableCollector.java:73) ~[junit-platform-engine-1.7.2.jar:1.7.2]
	at org.junit.platform.engine.support.hierarchical.NodeTestTask.executeRecursively(NodeTestTask.java:126) ~[junit-platform-engine-1.7.2.jar:1.7.2]
	at org.junit.platform.engine.support.hierarchical.NodeTestTask.execute(NodeTestTask.java:84) ~[junit-platform-engine-1.7.2.jar:1.7.2]
	at java.base/java.util.ArrayList.forEach(ArrayList.java:1541) ~[na:na]
	at org.junit.platform.engine.support.hierarchical.SameThreadHierarchicalTestExecutorService.invokeAll(SameThreadHierarchicalTestExecutorService.java:38) ~[junit-platform-engine-1.7.2.jar:1.7.2]
	at org.junit.platform.engine.support.hierarchical.NodeTestTask.lambda$executeRecursively$5(NodeTestTask.java:143) ~[junit-platform-engine-1.7.2.jar:1.7.2]
	at org.junit.platform.engine.support.hierarchical.ThrowableCollector.execute(ThrowableCollector.java:73) ~[junit-platform-engine-1.7.2.jar:1.7.2]
	at org.junit.platform.engine.support.hierarchical.NodeTestTask.lambda$executeRecursively$7(NodeTestTask.java:129) ~[junit-platform-engine-1.7.2.jar:1.7.2]
	at org.junit.platform.engine.support.hierarchical.Node.around(Node.java:137) ~[junit-platform-engine-1.7.2.jar:1.7.2]
	at org.junit.platform.engine.support.hierarchical.NodeTestTask.lambda$executeRecursively$8(NodeTestTask.java:127) ~[junit-platform-engine-1.7.2.jar:1.7.2]
	at org.junit.platform.engine.support.hierarchical.ThrowableCollector.execute(ThrowableCollector.java:73) ~[junit-platform-engine-1.7.2.jar:1.7.2]
	at org.junit.platform.engine.support.hierarchical.NodeTestTask.executeRecursively(NodeTestTask.java:126) ~[junit-platform-engine-1.7.2.jar:1.7.2]
	at org.junit.platform.engine.support.hierarchical.NodeTestTask.execute(NodeTestTask.java:84) ~[junit-platform-engine-1.7.2.jar:1.7.2]
	at org.junit.platform.engine.support.hierarchical.SameThreadHierarchicalTestExecutorService.submit(SameThreadHierarchicalTestExecutorService.java:32) ~[junit-platform-engine-1.7.2.jar:1.7.2]
	at org.junit.platform.engine.support.hierarchical.HierarchicalTestExecutor.execute(HierarchicalTestExecutor.java:57) ~[junit-platform-engine-1.7.2.jar:1.7.2]
	at org.junit.platform.engine.support.hierarchical.HierarchicalTestEngine.execute(HierarchicalTestEngine.java:51) ~[junit-platform-engine-1.7.2.jar:1.7.2]
	at org.junit.platform.launcher.core.DefaultLauncher.execute(DefaultLauncher.java:220) ~[junit-platform-launcher-1.3.1.jar:1.3.1]
	at org.junit.platform.launcher.core.DefaultLauncher.lambda$execute$6(DefaultLauncher.java:188) ~[junit-platform-launcher-1.3.1.jar:1.3.1]
	at org.junit.platform.launcher.core.DefaultLauncher.withInterceptedStreams(DefaultLauncher.java:202) ~[junit-platform-launcher-1.3.1.jar:1.3.1]
	at org.junit.platform.launcher.core.DefaultLauncher.execute(DefaultLauncher.java:181) ~[junit-platform-launcher-1.3.1.jar:1.3.1]
	at org.junit.platform.launcher.core.DefaultLauncher.execute(DefaultLauncher.java:128) ~[junit-platform-launcher-1.3.1.jar:1.3.1]
	at org.apache.maven.surefire.junitplatform.JUnitPlatformProvider.invokeAllTests(JUnitPlatformProvider.java:150) ~[surefire-junit-platform-2.22.2.jar:2.22.2]
	at org.apache.maven.surefire.junitplatform.JUnitPlatformProvider.invoke(JUnitPlatformProvider.java:124) ~[surefire-junit-platform-2.22.2.jar:2.22.2]
	at org.apache.maven.surefire.booter.ForkedBooter.invokeProviderInSameClassLoader(ForkedBooter.java:384) ~[surefire-booter-2.22.2.jar:2.22.2]
	at org.apache.maven.surefire.booter.ForkedBooter.runSuitesInProcess(ForkedBooter.java:345) ~[surefire-booter-2.22.2.jar:2.22.2]
	at org.apache.maven.surefire.booter.ForkedBooter.execute(ForkedBooter.java:126) ~[surefire-booter-2.22.2.jar:2.22.2]
	at org.apache.maven.surefire.booter.ForkedBooter.main(ForkedBooter.java:418) ~[surefire-booter-2.22.2.jar:2.22.2]
Caused by: org.springframework.beans.factory.UnsatisfiedDependencyException: Error creating bean with name 'propostaController': Unsatisfied dependency expressed through field 'analiseFinanceira'; nested exception is org.springframework.beans.factory.BeanCreationException: Error creating bean with name 'com.zupacademy.luizpedro.microserviceproposta.controller.AnaliseFinanceira': Unexpected exception during bean creation; nested exception is java.lang.NoClassDefFoundError: org/springframework/cloud/openfeign/ribbon/LoadBalancerFeignClient
	at org.springframework.beans.factory.annotation.AutowiredAnnotationBeanPostProcessor$AutowiredFieldElement.resolveFieldValue(AutowiredAnnotationBeanPostProcessor.java:660) ~[spring-beans-5.3.9.jar:5.3.9]
	at org.springframework.beans.factory.annotation.AutowiredAnnotationBeanPostProcessor$AutowiredFieldElement.inject(AutowiredAnnotationBeanPostProcessor.java:640) ~[spring-beans-5.3.9.jar:5.3.9]
	at org.springframework.beans.factory.annotation.InjectionMetadata.inject(InjectionMetadata.java:119) ~[spring-beans-5.3.9.jar:5.3.9]
	at org.springframework.beans.factory.annotation.AutowiredAnnotationBeanPostProcessor.postProcessProperties(AutowiredAnnotationBeanPostProcessor.java:399) ~[spring-beans-5.3.9.jar:5.3.9]
	at org.springframework.beans.factory.support.AbstractAutowireCapableBeanFactory.populateBean(AbstractAutowireCapableBeanFactory.java:1413) ~[spring-beans-5.3.9.jar:5.3.9]
	at org.springframework.beans.factory.support.AbstractAutowireCapableBeanFactory.doCreateBean(AbstractAutowireCapableBeanFactory.java:601) ~[spring-beans-5.3.9.jar:5.3.9]
	at org.springframework.beans.factory.support.AbstractAutowireCapableBeanFactory.createBean(AbstractAutowireCapableBeanFactory.java:524) ~[spring-beans-5.3.9.jar:5.3.9]
	at org.springframework.beans.factory.support.AbstractBeanFactory.lambda$doGetBean$0(AbstractBeanFactory.java:335) ~[spring-beans-5.3.9.jar:5.3.9]
	at org.springframework.beans.factory.support.DefaultSingletonBeanRegistry.getSingleton(DefaultSingletonBeanRegistry.java:234) ~[spring-beans-5.3.9.jar:5.3.9]
	at org.springframework.beans.factory.support.AbstractBeanFactory.doGetBean(AbstractBeanFactory.java:333) ~[spring-beans-5.3.9.jar:5.3.9]
	at org.springframework.beans.factory.support.AbstractBeanFactory.getBean(AbstractBeanFactory.java:208) ~[spring-beans-5.3.9.jar:5.3.9]
	at org.springframework.beans.factory.support.DefaultListableBeanFactory.preInstantiateSingletons(DefaultListableBeanFactory.java:944) ~[spring-beans-5.3.9.jar:5.3.9]
	at org.springframework.context.support.AbstractApplicationContext.finishBeanFactoryInitialization(AbstractApplicationContext.java:918) ~[spring-context-5.3.9.jar:5.3.9]
	at org.springframework.context.support.AbstractApplicationContext.refresh(AbstractApplicationContext.java:583) ~[spring-context-5.3.9.jar:5.3.9]
	at org.springframework.boot.SpringApplication.refresh(SpringApplication.java:754) ~[spring-boot-2.5.3.jar:2.5.3]
	at org.springframework.boot.SpringApplication.refreshContext(SpringApplication.java:434) ~[spring-boot-2.5.3.jar:2.5.3]
	at org.springframework.boot.SpringApplication.run(SpringApplication.java:338) ~[spring-boot-2.5.3.jar:2.5.3]
	at org.springframework.boot.test.context.SpringBootContextLoader.loadContext(SpringBootContextLoader.java:123) ~[spring-boot-test-2.5.3.jar:2.5.3]
	at org.springframework.test.context.cache.DefaultCacheAwareContextLoaderDelegate.loadContextInternal(DefaultCacheAwareContextLoaderDelegate.java:99) ~[spring-test-5.3.9.jar:5.3.9]
	at org.springframework.test.context.cache.DefaultCacheAwareContextLoaderDelegate.loadContext(DefaultCacheAwareContextLoaderDelegate.java:124) ~[spring-test-5.3.9.jar:5.3.9]
	... 67 common frames omitted
Caused by: org.springframework.beans.factory.BeanCreationException: Error creating bean with name 'com.zupacademy.luizpedro.microserviceproposta.controller.AnaliseFinanceira': Unexpected exception during bean creation; nested exception is java.lang.NoClassDefFoundError: org/springframework/cloud/openfeign/ribbon/LoadBalancerFeignClient
	at org.springframework.beans.factory.support.AbstractAutowireCapableBeanFactory.createBean(AbstractAutowireCapableBeanFactory.java:537) ~[spring-beans-5.3.9.jar:5.3.9]
	at org.springframework.beans.factory.support.AbstractBeanFactory.lambda$doGetBean$0(AbstractBeanFactory.java:335) ~[spring-beans-5.3.9.jar:5.3.9]
	at org.springframework.beans.factory.support.DefaultSingletonBeanRegistry.getSingleton(DefaultSingletonBeanRegistry.java:234) ~[spring-beans-5.3.9.jar:5.3.9]
	at org.springframework.beans.factory.support.AbstractBeanFactory.doGetBean(AbstractBeanFactory.java:333) ~[spring-beans-5.3.9.jar:5.3.9]
	at org.springframework.beans.factory.support.AbstractBeanFactory.getBean(AbstractBeanFactory.java:208) ~[spring-beans-5.3.9.jar:5.3.9]
	at org.springframework.beans.factory.config.DependencyDescriptor.resolveCandidate(DependencyDescriptor.java:276) ~[spring-beans-5.3.9.jar:5.3.9]
	at org.springframework.beans.factory.support.DefaultListableBeanFactory.doResolveDependency(DefaultListableBeanFactory.java:1380) ~[spring-beans-5.3.9.jar:5.3.9]
	at org.springframework.beans.factory.support.DefaultListableBeanFactory.resolveDependency(DefaultListableBeanFactory.java:1300) ~[spring-beans-5.3.9.jar:5.3.9]
	at org.springframework.beans.factory.annotation.AutowiredAnnotationBeanPostProcessor$AutowiredFieldElement.resolveFieldValue(AutowiredAnnotationBeanPostProcessor.java:657) ~[spring-beans-5.3.9.jar:5.3.9]
	... 86 common frames omitted
Caused by: java.lang.NoClassDefFoundError: org/springframework/cloud/openfeign/ribbon/LoadBalancerFeignClient
	at java.base/java.lang.ClassLoader.defineClass1(Native Method) ~[na:na]
	at java.base/java.lang.ClassLoader.defineClass(ClassLoader.java:1016) ~[na:na]
	at java.base/java.security.SecureClassLoader.defineClass(SecureClassLoader.java:174) ~[na:na]
	at java.base/jdk.internal.loader.BuiltinClassLoader.defineClass(BuiltinClassLoader.java:800) ~[na:na]
	at java.base/jdk.internal.loader.BuiltinClassLoader.findClassOnClassPathOrNull(BuiltinClassLoader.java:698) ~[na:na]
	at java.base/jdk.internal.loader.BuiltinClassLoader.loadClassOrNull(BuiltinClassLoader.java:621) ~[na:na]
	at java.base/jdk.internal.loader.BuiltinClassLoader.loadClass(BuiltinClassLoader.java:579) ~[na:na]
	at java.base/jdk.internal.loader.ClassLoaders$AppClassLoader.loadClass(ClassLoaders.java:178) ~[na:na]
	at java.base/java.lang.ClassLoader.loadClass(ClassLoader.java:521) ~[na:na]
	at io.opentracing.contrib.spring.cloud.feign.TracedFeignBeanFactory.from(TracedFeignBeanFactory.java:40) ~[opentracing-spring-cloud-feign-starter-0.5.3.jar:na]
	at io.opentracing.contrib.spring.cloud.feign.TraceFeignContext.addTracingClient(TraceFeignContext.java:64) ~[opentracing-spring-cloud-feign-starter-0.5.3.jar:na]
	at io.opentracing.contrib.spring.cloud.feign.TraceFeignContext.getInstance(TraceFeignContext.java:46) ~[opentracing-spring-cloud-feign-starter-0.5.3.jar:na]
	at org.springframework.cloud.openfeign.FeignClientFactoryBean.get(FeignClientFactoryBean.java:314) ~[spring-cloud-openfeign-core-3.0.3.jar:3.0.3]
	at org.springframework.cloud.openfeign.FeignClientFactoryBean.feign(FeignClientFactoryBean.java:120) ~[spring-cloud-openfeign-core-3.0.3.jar:3.0.3]
	at org.springframework.cloud.openfeign.FeignClientFactoryBean.getTarget(FeignClientFactoryBean.java:382) ~[spring-cloud-openfeign-core-3.0.3.jar:3.0.3]
	at org.springframework.cloud.openfeign.FeignClientFactoryBean.getObject(FeignClientFactoryBean.java:371) ~[spring-cloud-openfeign-core-3.0.3.jar:3.0.3]
	at org.springframework.cloud.openfeign.FeignClientsRegistrar.lambda$registerFeignClient$0(FeignClientsRegistrar.java:235) ~[spring-cloud-openfeign-core-3.0.3.jar:3.0.3]
	at org.springframework.beans.factory.support.AbstractAutowireCapableBeanFactory.obtainFromSupplier(AbstractAutowireCapableBeanFactory.java:1231) ~[spring-beans-5.3.9.jar:5.3.9]
	at org.springframework.beans.factory.support.AbstractAutowireCapableBeanFactory.createBeanInstance(AbstractAutowireCapableBeanFactory.java:1173) ~[spring-beans-5.3.9.jar:5.3.9]
	at org.springframework.beans.factory.support.AbstractAutowireCapableBeanFactory.doCreateBean(AbstractAutowireCapableBeanFactory.java:564) ~[spring-beans-5.3.9.jar:5.3.9]
	at org.springframework.beans.factory.support.AbstractAutowireCapableBeanFactory.createBean(AbstractAutowireCapableBeanFactory.java:524) ~[spring-beans-5.3.9.jar:5.3.9]
	... 94 common frames omitted
Caused by: java.lang.ClassNotFoundException: org.springframework.cloud.openfeign.ribbon.LoadBalancerFeignClient
	at java.base/jdk.internal.loader.BuiltinClassLoader.loadClass(BuiltinClassLoader.java:581) ~[na:na]
	at java.base/jdk.internal.loader.ClassLoaders$AppClassLoader.loadClass(ClassLoaders.java:178) ~[na:na]
	at java.base/java.lang.ClassLoader.loadClass(ClassLoader.java:521) ~[na:na]
	... 115 common frames omitted

]]></system-out>
  </testcase>
</testsuite>